Performing C++ SOURCE FILE Test CMAKE_HAVE_LIBC_PTHREAD failed with the following output:
Change Dir: /home/mdnd/Hybrid_Generation_Clean_EXP/build/CMakeFiles/CMakeTmp

Run Build Command(s):/usr/bin/gmake cmTC_6d960/fast && /usr/bin/gmake  -f CMakeFiles/cmTC_6d960.dir/build.make CMakeFiles/cmTC_6d960.dir/build
gmake[1]: Entering directory `/home/mdnd/Hybrid_Generation_Clean_EXP/build/CMakeFiles/CMakeTmp'
Building CXX object CMakeFiles/cmTC_6d960.dir/src.cxx.o
/opt/rh/devtoolset-11/root/usr/bin/c++    -DCMAKE_HAVE_LIBC_PTHREAD   -o CMakeFiles/cmTC_6d960.dir/src.cxx.o -c /home/mdnd/Hybrid_Generation_Clean_EXP/build/CMakeFiles/CMakeTmp/src.cxx
Linking CXX executable cmTC_6d960
/usr/bin/cmake3 -E cmake_link_script CMakeFiles/cmTC_6d960.dir/link.txt --verbose=1
/opt/rh/devtoolset-11/root/usr/bin/c++   -DCMAKE_HAVE_LIBC_PTHREAD    CMakeFiles/cmTC_6d960.dir/src.cxx.o  -o cmTC_6d960 
/opt/rh/devtoolset-11/root/usr/libexec/gcc/x86_64-redhat-linux/11/ld: CMakeFiles/cmTC_6d960.dir/src.cxx.o: in function `main':
src.cxx:(.text+0x2d): undefined reference to `pthread_create'
/opt/rh/devtoolset-11/root/usr/libexec/gcc/x86_64-redhat-linux/11/ld: src.cxx:(.text+0x39): undefined reference to `pthread_detach'
/opt/rh/devtoolset-11/root/usr/libexec/gcc/x86_64-redhat-linux/11/ld: src.cxx:(.text+0x45): undefined reference to `pthread_cancel'
/opt/rh/devtoolset-11/root/usr/libexec/gcc/x86_64-redhat-linux/11/ld: src.cxx:(.text+0x56): undefined reference to `pthread_join'
/opt/rh/devtoolset-11/root/usr/libexec/gcc/x86_64-redhat-linux/11/ld: src.cxx:(.text+0x6a): undefined reference to `pthread_atfork'
collect2: error: ld returned 1 exit status
gmake[1]: *** [cmTC_6d960] Error 1
gmake[1]: Leaving directory `/home/mdnd/Hybrid_Generation_Clean_EXP/build/CMakeFiles/CMakeTmp'
gmake: *** [cmTC_6d960/fast] Error 2


Source file was:
#include <pthread.h>

void* test_func(void* data)
{
  return data;
}

int main(void)
{
  pthread_t thread;
  pthread_create(&thread, NULL, test_func, NULL);
  pthread_detach(thread);
  pthread_cancel(thread);
  pthread_join(thread, NULL);
  pthread_atfork(NULL, NULL, NULL);
  pthread_exit(NULL);

  return 0;
}

Determining if the function pthread_create exists in the pthreads failed with the following output:
Change Dir: /home/mdnd/Hybrid_Generation_Clean_EXP/build/CMakeFiles/CMakeTmp

Run Build Command(s):/usr/bin/gmake cmTC_fc5c2/fast && /usr/bin/gmake  -f CMakeFiles/cmTC_fc5c2.dir/build.make CMakeFiles/cmTC_fc5c2.dir/build
gmake[1]: Entering directory `/home/mdnd/Hybrid_Generation_Clean_EXP/build/CMakeFiles/CMakeTmp'
Building CXX object CMakeFiles/cmTC_fc5c2.dir/CheckFunctionExists.cxx.o
/opt/rh/devtoolset-11/root/usr/bin/c++    -DCHECK_FUNCTION_EXISTS=pthread_create   -o CMakeFiles/cmTC_fc5c2.dir/CheckFunctionExists.cxx.o -c /home/mdnd/Hybrid_Generation_Clean_EXP/build/CMakeFiles/CheckLibraryExists/CheckFunctionExists.cxx
Linking CXX executable cmTC_fc5c2
/usr/bin/cmake3 -E cmake_link_script CMakeFiles/cmTC_fc5c2.dir/link.txt --verbose=1
/opt/rh/devtoolset-11/root/usr/bin/c++   -DCHECK_FUNCTION_EXISTS=pthread_create    CMakeFiles/cmTC_fc5c2.dir/CheckFunctionExists.cxx.o  -o cmTC_fc5c2  -lpthreads 
/opt/rh/devtoolset-11/root/usr/libexec/gcc/x86_64-redhat-linux/11/ld: cannot find -lpthreads
collect2: error: ld returned 1 exit status
gmake[1]: *** [cmTC_fc5c2] Error 1
gmake[1]: Leaving directory `/home/mdnd/Hybrid_Generation_Clean_EXP/build/CMakeFiles/CMakeTmp'
gmake: *** [cmTC_fc5c2/fast] Error 2



