The system is: Linux - 3.10.0-1160.119.1.el7.x86_64 - x86_64
Compiling the CXX compiler identification source file "CMakeCXXCompilerId.cpp" succeeded.
Compiler: /opt/rh/devtoolset-11/root/usr/bin/c++ 
Build flags: 
Id flags:  

The output was:
0


Compilation of the CXX compiler identification source "CMakeCXXCompilerId.cpp" produced "a.out"

The CXX compiler identification is GNU, found in "/home/mdnd/Hybrid_Generation_Clean_EXP/build/CMakeFiles/3.17.5/CompilerIdCXX/a.out"

Compiling the CUDA compiler identification source file "CMakeCUDACompilerId.cu" succeeded.
Compiler: /usr/local/cuda-11.8/bin/nvcc 
Build flags: 
Id flags:  -v;--keep;--keep-dir;tmp

The output was:
0
#$ _NVVM_BRANCH_=nvvm
#$ _SPACE_= 
#$ _CUDART_=cudart
#$ _HERE_=/usr/local/cuda-11.8/bin
#$ _THERE_=/usr/local/cuda-11.8/bin
#$ _TARGET_SIZE_=
#$ _TARGET_DIR_=
#$ _TARGET_DIR_=targets/x86_64-linux
#$ TOP=/usr/local/cuda-11.8/bin/..
#$ NVVMIR_LIBRARY_DIR=/usr/local/cuda-11.8/bin/../nvvm/libdevice
#$ LD_LIBRARY_PATH=/usr/local/cuda-11.8/bin/../lib:/usr/local/cuda-11.8/lib64:/usr/local/cuda-11.8/extras/CUPTI/lib64:/usr/local/openmpi/lib:/opt/rh/devtoolset-11/root/usr/lib64:/opt/rh/devtoolset-11/root/usr/lib:/opt/rh/devtoolset-11/root/usr/lib64/dyninst:/opt/rh/devtoolset-11/root/usr/lib/dyninst:/usr/local/openmpi/lib:/opt/rh/devtoolset-11/root/usr/lib64:/opt/rh/devtoolset-11/root/usr/lib:/opt/rh/devtoolset-11/root/usr/lib64/dyninst:/opt/rh/devtoolset-11/root/usr/lib/dyninst
#$ PATH=/usr/local/cuda-11.8/bin/../nvvm/bin:/usr/local/cuda-11.8/bin:/usr/local/cuda-11.8/bin:/usr/local/openmpi/bin:/opt/rh/devtoolset-11/root/usr/bin:/home/mdnd/.vscode-server/bin/8b3775030ed1a69b13e4f4c628c612102e30a681/bin/remote-cli:/usr/local/openmpi/bin:/opt/rh/devtoolset-11/root/usr/bin:/usr/local/bin:/usr/bin:/usr/local/sbin:/usr/sbin:/home/mdnd/.local/bin:/home/mdnd/bin
#$ INCLUDES="-I/usr/local/cuda-11.8/bin/../targets/x86_64-linux/include"  
#$ LIBRARIES=  "-L/usr/local/cuda-11.8/bin/../targets/x86_64-linux/lib/stubs" "-L/usr/local/cuda-11.8/bin/../targets/x86_64-linux/lib"
#$ CUDAFE_FLAGS=
#$ PTXAS_FLAGS=
#$ rm tmp/a_dlink.reg.c
#$ gcc -D__CUDA_ARCH__=520 -D__CUDA_ARCH_LIST__=520 -E -x c++  -DCUDA_DOUBLE_MATH_FUNCTIONS -D__CUDACC__ -D__NVCC__  "-I/usr/local/cuda-11.8/bin/../targets/x86_64-linux/include"    -D__CUDACC_VER_MAJOR__=11 -D__CUDACC_VER_MINOR__=8 -D__CUDACC_VER_BUILD__=89 -D__CUDA_API_VER_MAJOR__=11 -D__CUDA_API_VER_MINOR__=8 -D__NVCC_DIAG_PRAGMA_SUPPORT__=1 -include "cuda_runtime.h" -m64 "CMakeCUDACompilerId.cu" -o "tmp/CMakeCUDACompilerId.cpp1.ii" 
#$ cicc --c++17 --gnu_version=110201 --display_error_number --orig_src_file_name "CMakeCUDACompilerId.cu" --orig_src_path_name "/home/mdnd/Hybrid_Generation_Clean_EXP/build/CMakeFiles/3.17.5/CompilerIdCUDA/CMakeCUDACompilerId.cu" --allow_managed   -arch compute_52 -m64 --no-version-ident -ftz=0 -prec_div=1 -prec_sqrt=1 -fmad=1 --include_file_name "CMakeCUDACompilerId.fatbin.c" -tused --gen_module_id_file --module_id_file_name "tmp/CMakeCUDACompilerId.module_id" --gen_c_file_name "tmp/CMakeCUDACompilerId.cudafe1.c" --stub_file_name "tmp/CMakeCUDACompilerId.cudafe1.stub.c" --gen_device_file_name "tmp/CMakeCUDACompilerId.cudafe1.gpu"  "tmp/CMakeCUDACompilerId.cpp1.ii" -o "tmp/CMakeCUDACompilerId.ptx"
#$ ptxas -arch=sm_52 -m64  "tmp/CMakeCUDACompilerId.ptx"  -o "tmp/CMakeCUDACompilerId.sm_52.cubin" 
#$ fatbinary --create="tmp/CMakeCUDACompilerId.fatbin" -64 --cicc-cmdline="-ftz=0 -prec_div=1 -prec_sqrt=1 -fmad=1 " "--image3=kind=elf,sm=52,file=tmp/CMakeCUDACompilerId.sm_52.cubin" "--image3=kind=ptx,sm=52,file=tmp/CMakeCUDACompilerId.ptx" --embedded-fatbin="tmp/CMakeCUDACompilerId.fatbin.c" 
#$ gcc -D__CUDA_ARCH_LIST__=520 -E -x c++ -D__CUDACC__ -D__NVCC__  "-I/usr/local/cuda-11.8/bin/../targets/x86_64-linux/include"    -D__CUDACC_VER_MAJOR__=11 -D__CUDACC_VER_MINOR__=8 -D__CUDACC_VER_BUILD__=89 -D__CUDA_API_VER_MAJOR__=11 -D__CUDA_API_VER_MINOR__=8 -D__NVCC_DIAG_PRAGMA_SUPPORT__=1 -include "cuda_runtime.h" -m64 "CMakeCUDACompilerId.cu" -o "tmp/CMakeCUDACompilerId.cpp4.ii" 
#$ cudafe++ --c++17 --gnu_version=110201 --display_error_number --orig_src_file_name "CMakeCUDACompilerId.cu" --orig_src_path_name "/home/mdnd/Hybrid_Generation_Clean_EXP/build/CMakeFiles/3.17.5/CompilerIdCUDA/CMakeCUDACompilerId.cu" --allow_managed  --m64 --parse_templates --gen_c_file_name "tmp/CMakeCUDACompilerId.cudafe1.cpp" --stub_file_name "CMakeCUDACompilerId.cudafe1.stub.c" --module_id_file_name "tmp/CMakeCUDACompilerId.module_id" "tmp/CMakeCUDACompilerId.cpp4.ii" 
#$ gcc -D__CUDA_ARCH__=520 -D__CUDA_ARCH_LIST__=520 -c -x c++  -DCUDA_DOUBLE_MATH_FUNCTIONS "-I/usr/local/cuda-11.8/bin/../targets/x86_64-linux/include"   -m64 "tmp/CMakeCUDACompilerId.cudafe1.cpp" -o "tmp/CMakeCUDACompilerId.o" 
#$ nvlink -m64 --arch=sm_52 --register-link-binaries="tmp/a_dlink.reg.c"    "-L/usr/local/cuda-11.8/bin/../targets/x86_64-linux/lib/stubs" "-L/usr/local/cuda-11.8/bin/../targets/x86_64-linux/lib" -cpu-arch=X86_64 "tmp/CMakeCUDACompilerId.o"  -lcudadevrt  -o "tmp/a_dlink.sm_52.cubin" --host-ccbin "gcc"
#$ fatbinary --create="tmp/a_dlink.fatbin" -64 --cicc-cmdline="-ftz=0 -prec_div=1 -prec_sqrt=1 -fmad=1 " -link "--image3=kind=elf,sm=52,file=tmp/a_dlink.sm_52.cubin" --embedded-fatbin="tmp/a_dlink.fatbin.c" 
#$ gcc -D__CUDA_ARCH_LIST__=520 -c -x c++ -DFATBINFILE="\"tmp/a_dlink.fatbin.c\"" -DREGISTERLINKBINARYFILE="\"tmp/a_dlink.reg.c\"" -I. -D__NV_EXTRA_INITIALIZATION= -D__NV_EXTRA_FINALIZATION= -D__CUDA_INCLUDE_COMPILER_INTERNAL_HEADERS__  "-I/usr/local/cuda-11.8/bin/../targets/x86_64-linux/include"    -D__CUDACC_VER_MAJOR__=11 -D__CUDACC_VER_MINOR__=8 -D__CUDACC_VER_BUILD__=89 -D__CUDA_API_VER_MAJOR__=11 -D__CUDA_API_VER_MINOR__=8 -D__NVCC_DIAG_PRAGMA_SUPPORT__=1 -m64 "/usr/local/cuda-11.8/bin/crt/link.stub" -o "tmp/a_dlink.o" 
#$ g++ -D__CUDA_ARCH_LIST__=520 -m64 -Wl,--start-group "tmp/a_dlink.o" "tmp/CMakeCUDACompilerId.o"   "-L/usr/local/cuda-11.8/bin/../targets/x86_64-linux/lib/stubs" "-L/usr/local/cuda-11.8/bin/../targets/x86_64-linux/lib"  -lcudadevrt  -lcudart_static  -lrt -lpthread  -ldl  -Wl,--end-group -o "a.out" 


Compilation of the CUDA compiler identification source "CMakeCUDACompilerId.cu" produced "a.out"

The CUDA compiler identification is NVIDIA, found in "/home/mdnd/Hybrid_Generation_Clean_EXP/build/CMakeFiles/3.17.5/CompilerIdCUDA/a.out"

Parsed CUDA nvcc implicit link information from above output:
  found 'PATH=' string: [/usr/local/cuda-11.8/bin/../nvvm/bin:/usr/local/cuda-11.8/bin:/usr/local/cuda-11.8/bin:/usr/local/openmpi/bin:/opt/rh/devtoolset-11/root/usr/bin:/home/mdnd/.vscode-server/bin/8b3775030ed1a69b13e4f4c628c612102e30a681/bin/remote-cli:/usr/local/openmpi/bin:/opt/rh/devtoolset-11/root/usr/bin:/usr/local/bin:/usr/bin:/usr/local/sbin:/usr/sbin:/home/mdnd/.local/bin:/home/mdnd/bin]
  found 'LIBRARIES=' string: ["-L/usr/local/cuda-11.8/bin/../targets/x86_64-linux/lib/stubs" "-L/usr/local/cuda-11.8/bin/../targets/x86_64-linux/lib"]
  considering line: [#$ rm tmp/a_dlink.reg.c]
  considering line: [gcc -D__CUDA_ARCH__=520 -D__CUDA_ARCH_LIST__=520 -E -x c++  -DCUDA_DOUBLE_MATH_FUNCTIONS -D__CUDACC__ -D__NVCC__  "-I/usr/local/cuda-11.8/bin/../targets/x86_64-linux/include"    -D__CUDACC_VER_MAJOR__=11 -D__CUDACC_VER_MINOR__=8 -D__CUDACC_VER_BUILD__=89 -D__CUDA_API_VER_MAJOR__=11 -D__CUDA_API_VER_MINOR__=8 -D__NVCC_DIAG_PRAGMA_SUPPORT__=1 -include "cuda_runtime.h" -m64 "CMakeCUDACompilerId.cu" -o "tmp/CMakeCUDACompilerId.cpp1.ii" ]
  considering line: [cicc --c++17 --gnu_version=110201 --display_error_number --orig_src_file_name "CMakeCUDACompilerId.cu" --orig_src_path_name "/home/mdnd/Hybrid_Generation_Clean_EXP/build/CMakeFiles/3.17.5/CompilerIdCUDA/CMakeCUDACompilerId.cu" --allow_managed   -arch compute_52 -m64 --no-version-ident -ftz=0 -prec_div=1 -prec_sqrt=1 -fmad=1 --include_file_name "CMakeCUDACompilerId.fatbin.c" -tused --gen_module_id_file --module_id_file_name "tmp/CMakeCUDACompilerId.module_id" --gen_c_file_name "tmp/CMakeCUDACompilerId.cudafe1.c" --stub_file_name "tmp/CMakeCUDACompilerId.cudafe1.stub.c" --gen_device_file_name "tmp/CMakeCUDACompilerId.cudafe1.gpu"  "tmp/CMakeCUDACompilerId.cpp1.ii" -o "tmp/CMakeCUDACompilerId.ptx"]
  considering line: [ptxas -arch=sm_52 -m64  "tmp/CMakeCUDACompilerId.ptx"  -o "tmp/CMakeCUDACompilerId.sm_52.cubin" ]
  considering line: [fatbinary --create="tmp/CMakeCUDACompilerId.fatbin" -64 --cicc-cmdline="-ftz=0 -prec_div=1 -prec_sqrt=1 -fmad=1 " "--image3=kind=elf,sm=52,file=tmp/CMakeCUDACompilerId.sm_52.cubin" "--image3=kind=ptx,sm=52,file=tmp/CMakeCUDACompilerId.ptx" --embedded-fatbin="tmp/CMakeCUDACompilerId.fatbin.c" ]
  considering line: [gcc -D__CUDA_ARCH_LIST__=520 -E -x c++ -D__CUDACC__ -D__NVCC__  "-I/usr/local/cuda-11.8/bin/../targets/x86_64-linux/include"    -D__CUDACC_VER_MAJOR__=11 -D__CUDACC_VER_MINOR__=8 -D__CUDACC_VER_BUILD__=89 -D__CUDA_API_VER_MAJOR__=11 -D__CUDA_API_VER_MINOR__=8 -D__NVCC_DIAG_PRAGMA_SUPPORT__=1 -include "cuda_runtime.h" -m64 "CMakeCUDACompilerId.cu" -o "tmp/CMakeCUDACompilerId.cpp4.ii" ]
  considering line: [cudafe++ --c++17 --gnu_version=110201 --display_error_number --orig_src_file_name "CMakeCUDACompilerId.cu" --orig_src_path_name "/home/mdnd/Hybrid_Generation_Clean_EXP/build/CMakeFiles/3.17.5/CompilerIdCUDA/CMakeCUDACompilerId.cu" --allow_managed  --m64 --parse_templates --gen_c_file_name "tmp/CMakeCUDACompilerId.cudafe1.cpp" --stub_file_name "CMakeCUDACompilerId.cudafe1.stub.c" --module_id_file_name "tmp/CMakeCUDACompilerId.module_id" "tmp/CMakeCUDACompilerId.cpp4.ii" ]
  considering line: [gcc -D__CUDA_ARCH__=520 -D__CUDA_ARCH_LIST__=520 -c -x c++  -DCUDA_DOUBLE_MATH_FUNCTIONS "-I/usr/local/cuda-11.8/bin/../targets/x86_64-linux/include"   -m64 "tmp/CMakeCUDACompilerId.cudafe1.cpp" -o "tmp/CMakeCUDACompilerId.o" ]
  considering line: [nvlink -m64 --arch=sm_52 --register-link-binaries="tmp/a_dlink.reg.c"    "-L/usr/local/cuda-11.8/bin/../targets/x86_64-linux/lib/stubs" "-L/usr/local/cuda-11.8/bin/../targets/x86_64-linux/lib" -cpu-arch=X86_64 "tmp/CMakeCUDACompilerId.o"  -lcudadevrt  -o "tmp/a_dlink.sm_52.cubin" --host-ccbin "gcc"]
    ignoring nvlink line
  considering line: [fatbinary --create="tmp/a_dlink.fatbin" -64 --cicc-cmdline="-ftz=0 -prec_div=1 -prec_sqrt=1 -fmad=1 " -link "--image3=kind=elf,sm=52,file=tmp/a_dlink.sm_52.cubin" --embedded-fatbin="tmp/a_dlink.fatbin.c" ]
  considering line: [gcc -D__CUDA_ARCH_LIST__=520 -c -x c++ -DFATBINFILE="\"tmp/a_dlink.fatbin.c\"" -DREGISTERLINKBINARYFILE="\"tmp/a_dlink.reg.c\"" -I. -D__NV_EXTRA_INITIALIZATION= -D__NV_EXTRA_FINALIZATION= -D__CUDA_INCLUDE_COMPILER_INTERNAL_HEADERS__  "-I/usr/local/cuda-11.8/bin/../targets/x86_64-linux/include"    -D__CUDACC_VER_MAJOR__=11 -D__CUDACC_VER_MINOR__=8 -D__CUDACC_VER_BUILD__=89 -D__CUDA_API_VER_MAJOR__=11 -D__CUDA_API_VER_MINOR__=8 -D__NVCC_DIAG_PRAGMA_SUPPORT__=1 -m64 "/usr/local/cuda-11.8/bin/crt/link.stub" -o "tmp/a_dlink.o" ]
  considering line: [g++ -D__CUDA_ARCH_LIST__=520 -m64 -Wl,--start-group "tmp/a_dlink.o" "tmp/CMakeCUDACompilerId.o"   "-L/usr/local/cuda-11.8/bin/../targets/x86_64-linux/lib/stubs" "-L/usr/local/cuda-11.8/bin/../targets/x86_64-linux/lib"  -lcudadevrt  -lcudart_static  -lrt -lpthread  -ldl  -Wl,--end-group -o "a.out" ]
    extracted link line: [g++ -D__CUDA_ARCH_LIST__=520 -m64 -Wl,--start-group "tmp/a_dlink.o" "tmp/CMakeCUDACompilerId.o"   "-L/usr/local/cuda-11.8/bin/../targets/x86_64-linux/lib/stubs" "-L/usr/local/cuda-11.8/bin/../targets/x86_64-linux/lib"  -lcudadevrt  -lcudart_static  -lrt -lpthread  -ldl  -Wl,--end-group -o "a.out" ]
  considering line: []
  extracted link launcher name: [g++]
  found link launcher absolute path: [/opt/rh/devtoolset-11/root/usr/bin/g++]

  link line regex: [^( *|.*[/\])(ld|CMAKE_LINK_STARTFILE-NOTFOUND|([^/\]+-)?ld|collect2)[^/\]*( |$)]
  link line: [cuda-fake-ld g++ -D__CUDA_ARCH_LIST__=520 -m64 -Wl,--start-group "tmp/a_dlink.o" "tmp/CMakeCUDACompilerId.o"   "-L/usr/local/cuda-11.8/bin/../targets/x86_64-linux/lib/stubs" "-L/usr/local/cuda-11.8/bin/../targets/x86_64-linux/lib"  -lcudadevrt  -lcudart_static  -lrt -lpthread  -ldl  -Wl,--end-group -o "a.out" ]
    arg [cuda-fake-ld] ==> ignore
    arg [g++] ==> ignore
    arg [-D__CUDA_ARCH_LIST__=520] ==> ignore
    arg [-m64] ==> ignore
    arg [-Wl,--start-group] ==> ignore
    arg [tmp/a_dlink.o] ==> ignore
    arg [tmp/CMakeCUDACompilerId.o] ==> ignore
    arg [-L/usr/local/cuda-11.8/bin/../targets/x86_64-linux/lib/stubs] ==> dir [/usr/local/cuda-11.8/bin/../targets/x86_64-linux/lib/stubs]
    arg [-L/usr/local/cuda-11.8/bin/../targets/x86_64-linux/lib] ==> dir [/usr/local/cuda-11.8/bin/../targets/x86_64-linux/lib]
    arg [-lcudadevrt] ==> lib [cudadevrt]
    arg [-lcudart_static] ==> lib [cudart_static]
    arg [-lrt] ==> lib [rt]
    arg [-lpthread] ==> lib [pthread]
    arg [-ldl] ==> lib [dl]
    arg [-Wl,--end-group] ==> ignore
    arg [-o] ==> ignore
    arg [a.out] ==> ignore
  collapse library dir [/usr/local/cuda-11.8/bin/../targets/x86_64-linux/lib/stubs] ==> [/usr/local/cuda-11.8/targets/x86_64-linux/lib/stubs]
  collapse library dir [/usr/local/cuda-11.8/bin/../targets/x86_64-linux/lib] ==> [/usr/local/cuda-11.8/targets/x86_64-linux/lib]
  implicit libs: [cudadevrt;cudart_static;rt;pthread;dl]
  implicit dirs: [/usr/local/cuda-11.8/targets/x86_64-linux/lib/stubs;/usr/local/cuda-11.8/targets/x86_64-linux/lib]
  implicit fwks: []


Parsed CUDA nvcc include information from above output:
  found 'PATH=' string: [/usr/local/cuda-11.8/bin/../nvvm/bin:/usr/local/cuda-11.8/bin:/usr/local/cuda-11.8/bin:/usr/local/openmpi/bin:/opt/rh/devtoolset-11/root/usr/bin:/home/mdnd/.vscode-server/bin/8b3775030ed1a69b13e4f4c628c612102e30a681/bin/remote-cli:/usr/local/openmpi/bin:/opt/rh/devtoolset-11/root/usr/bin:/usr/local/bin:/usr/bin:/usr/local/sbin:/usr/sbin:/home/mdnd/.local/bin:/home/mdnd/bin]
  found 'LIBRARIES=' string: ["-L/usr/local/cuda-11.8/bin/../targets/x86_64-linux/lib/stubs" "-L/usr/local/cuda-11.8/bin/../targets/x86_64-linux/lib"]
  considering line: [#$ rm tmp/a_dlink.reg.c]
  considering line: [gcc -D__CUDA_ARCH__=520 -D__CUDA_ARCH_LIST__=520 -E -x c++  -DCUDA_DOUBLE_MATH_FUNCTIONS -D__CUDACC__ -D__NVCC__  "-I/usr/local/cuda-11.8/bin/../targets/x86_64-linux/include"    -D__CUDACC_VER_MAJOR__=11 -D__CUDACC_VER_MINOR__=8 -D__CUDACC_VER_BUILD__=89 -D__CUDA_API_VER_MAJOR__=11 -D__CUDA_API_VER_MINOR__=8 -D__NVCC_DIAG_PRAGMA_SUPPORT__=1 -include "cuda_runtime.h" -m64 "CMakeCUDACompilerId.cu" -o "tmp/CMakeCUDACompilerId.cpp1.ii" ]
  considering line: [cicc --c++17 --gnu_version=110201 --display_error_number --orig_src_file_name "CMakeCUDACompilerId.cu" --orig_src_path_name "/home/mdnd/Hybrid_Generation_Clean_EXP/build/CMakeFiles/3.17.5/CompilerIdCUDA/CMakeCUDACompilerId.cu" --allow_managed   -arch compute_52 -m64 --no-version-ident -ftz=0 -prec_div=1 -prec_sqrt=1 -fmad=1 --include_file_name "CMakeCUDACompilerId.fatbin.c" -tused --gen_module_id_file --module_id_file_name "tmp/CMakeCUDACompilerId.module_id" --gen_c_file_name "tmp/CMakeCUDACompilerId.cudafe1.c" --stub_file_name "tmp/CMakeCUDACompilerId.cudafe1.stub.c" --gen_device_file_name "tmp/CMakeCUDACompilerId.cudafe1.gpu"  "tmp/CMakeCUDACompilerId.cpp1.ii" -o "tmp/CMakeCUDACompilerId.ptx"]
  considering line: [ptxas -arch=sm_52 -m64  "tmp/CMakeCUDACompilerId.ptx"  -o "tmp/CMakeCUDACompilerId.sm_52.cubin" ]
  considering line: [fatbinary --create="tmp/CMakeCUDACompilerId.fatbin" -64 --cicc-cmdline="-ftz=0 -prec_div=1 -prec_sqrt=1 -fmad=1 " "--image3=kind=elf,sm=52,file=tmp/CMakeCUDACompilerId.sm_52.cubin" "--image3=kind=ptx,sm=52,file=tmp/CMakeCUDACompilerId.ptx" --embedded-fatbin="tmp/CMakeCUDACompilerId.fatbin.c" ]
  considering line: [gcc -D__CUDA_ARCH_LIST__=520 -E -x c++ -D__CUDACC__ -D__NVCC__  "-I/usr/local/cuda-11.8/bin/../targets/x86_64-linux/include"    -D__CUDACC_VER_MAJOR__=11 -D__CUDACC_VER_MINOR__=8 -D__CUDACC_VER_BUILD__=89 -D__CUDA_API_VER_MAJOR__=11 -D__CUDA_API_VER_MINOR__=8 -D__NVCC_DIAG_PRAGMA_SUPPORT__=1 -include "cuda_runtime.h" -m64 "CMakeCUDACompilerId.cu" -o "tmp/CMakeCUDACompilerId.cpp4.ii" ]
  considering line: [cudafe++ --c++17 --gnu_version=110201 --display_error_number --orig_src_file_name "CMakeCUDACompilerId.cu" --orig_src_path_name "/home/mdnd/Hybrid_Generation_Clean_EXP/build/CMakeFiles/3.17.5/CompilerIdCUDA/CMakeCUDACompilerId.cu" --allow_managed  --m64 --parse_templates --gen_c_file_name "tmp/CMakeCUDACompilerId.cudafe1.cpp" --stub_file_name "CMakeCUDACompilerId.cudafe1.stub.c" --module_id_file_name "tmp/CMakeCUDACompilerId.module_id" "tmp/CMakeCUDACompilerId.cpp4.ii" ]
  considering line: [gcc -D__CUDA_ARCH__=520 -D__CUDA_ARCH_LIST__=520 -c -x c++  -DCUDA_DOUBLE_MATH_FUNCTIONS "-I/usr/local/cuda-11.8/bin/../targets/x86_64-linux/include"   -m64 "tmp/CMakeCUDACompilerId.cudafe1.cpp" -o "tmp/CMakeCUDACompilerId.o" ]
  considering line: [nvlink -m64 --arch=sm_52 --register-link-binaries="tmp/a_dlink.reg.c"    "-L/usr/local/cuda-11.8/bin/../targets/x86_64-linux/lib/stubs" "-L/usr/local/cuda-11.8/bin/../targets/x86_64-linux/lib" -cpu-arch=X86_64 "tmp/CMakeCUDACompilerId.o"  -lcudadevrt  -o "tmp/a_dlink.sm_52.cubin" --host-ccbin "gcc"]
    ignoring nvlink line
  considering line: [fatbinary --create="tmp/a_dlink.fatbin" -64 --cicc-cmdline="-ftz=0 -prec_div=1 -prec_sqrt=1 -fmad=1 " -link "--image3=kind=elf,sm=52,file=tmp/a_dlink.sm_52.cubin" --embedded-fatbin="tmp/a_dlink.fatbin.c" ]
  considering line: [gcc -D__CUDA_ARCH_LIST__=520 -c -x c++ -DFATBINFILE="\"tmp/a_dlink.fatbin.c\"" -DREGISTERLINKBINARYFILE="\"tmp/a_dlink.reg.c\"" -I. -D__NV_EXTRA_INITIALIZATION= -D__NV_EXTRA_FINALIZATION= -D__CUDA_INCLUDE_COMPILER_INTERNAL_HEADERS__  "-I/usr/local/cuda-11.8/bin/../targets/x86_64-linux/include"    -D__CUDACC_VER_MAJOR__=11 -D__CUDACC_VER_MINOR__=8 -D__CUDACC_VER_BUILD__=89 -D__CUDA_API_VER_MAJOR__=11 -D__CUDA_API_VER_MINOR__=8 -D__NVCC_DIAG_PRAGMA_SUPPORT__=1 -m64 "/usr/local/cuda-11.8/bin/crt/link.stub" -o "tmp/a_dlink.o" ]
  considering line: [g++ -D__CUDA_ARCH_LIST__=520 -m64 -Wl,--start-group "tmp/a_dlink.o" "tmp/CMakeCUDACompilerId.o"   "-L/usr/local/cuda-11.8/bin/../targets/x86_64-linux/lib/stubs" "-L/usr/local/cuda-11.8/bin/../targets/x86_64-linux/lib"  -lcudadevrt  -lcudart_static  -lrt -lpthread  -ldl  -Wl,--end-group -o "a.out" ]
    extracted link line: [g++ -D__CUDA_ARCH_LIST__=520 -m64 -Wl,--start-group "tmp/a_dlink.o" "tmp/CMakeCUDACompilerId.o"   "-L/usr/local/cuda-11.8/bin/../targets/x86_64-linux/lib/stubs" "-L/usr/local/cuda-11.8/bin/../targets/x86_64-linux/lib"  -lcudadevrt  -lcudart_static  -lrt -lpthread  -ldl  -Wl,--end-group -o "a.out" ]
  considering line: []
  extracted link launcher name: [g++]
  found link launcher absolute path: [/opt/rh/devtoolset-11/root/usr/bin/g++]
  found 'INCLUDES=' string: ["-I/usr/local/cuda-11.8/bin/../targets/x86_64-linux/include"  ]

  link line regex: [^( *|.*[/\])(ld|CMAKE_LINK_STARTFILE-NOTFOUND|([^/\]+-)?ld|collect2)[^/\]*( |$)]
  link line: [cuda-fake-ld g++ -D__CUDA_ARCH_LIST__=520 -m64 -Wl,--start-group "tmp/a_dlink.o" "tmp/CMakeCUDACompilerId.o"   "-L/usr/local/cuda-11.8/bin/../targets/x86_64-linux/lib/stubs" "-L/usr/local/cuda-11.8/bin/../targets/x86_64-linux/lib"  -lcudadevrt  -lcudart_static  -lrt -lpthread  -ldl  -Wl,--end-group -o "a.out" ]
    arg [cuda-fake-ld] ==> ignore
    arg [g++] ==> ignore
    arg [-D__CUDA_ARCH_LIST__=520] ==> ignore
    arg [-m64] ==> ignore
    arg [-Wl,--start-group] ==> ignore
    arg [tmp/a_dlink.o] ==> ignore
    arg [tmp/CMakeCUDACompilerId.o] ==> ignore
    arg [-L/usr/local/cuda-11.8/bin/../targets/x86_64-linux/lib/stubs] ==> dir [/usr/local/cuda-11.8/bin/../targets/x86_64-linux/lib/stubs]
    arg [-L/usr/local/cuda-11.8/bin/../targets/x86_64-linux/lib] ==> dir [/usr/local/cuda-11.8/bin/../targets/x86_64-linux/lib]
    arg [-lcudadevrt] ==> lib [cudadevrt]
    arg [-lcudart_static] ==> lib [cudart_static]
    arg [-lrt] ==> lib [rt]
    arg [-lpthread] ==> lib [pthread]
    arg [-ldl] ==> lib [dl]
    arg [-Wl,--end-group] ==> ignore
    arg [-o] ==> ignore
    arg [a.out] ==> ignore
  collapse library dir [/usr/local/cuda-11.8/bin/../targets/x86_64-linux/lib/stubs] ==> [/usr/local/cuda-11.8/targets/x86_64-linux/lib/stubs]
  collapse library dir [/usr/local/cuda-11.8/bin/../targets/x86_64-linux/lib] ==> [/usr/local/cuda-11.8/targets/x86_64-linux/lib]
  implicit libs: [cudadevrt;cudart_static;rt;pthread;dl]
  implicit dirs: [/usr/local/cuda-11.8/targets/x86_64-linux/lib/stubs;/usr/local/cuda-11.8/targets/x86_64-linux/lib]
  implicit fwks: []


Determining if the CXX compiler works passed with the following output:
Change Dir: /home/mdnd/Hybrid_Generation_Clean_EXP/build/CMakeFiles/CMakeTmp

Run Build Command(s):/usr/bin/gmake cmTC_64f17/fast && /usr/bin/gmake  -f CMakeFiles/cmTC_64f17.dir/build.make CMakeFiles/cmTC_64f17.dir/build
gmake[1]: Entering directory `/home/mdnd/Hybrid_Generation_Clean_EXP/build/CMakeFiles/CMakeTmp'
Building CXX object CMakeFiles/cmTC_64f17.dir/testCXXCompiler.cxx.o
/opt/rh/devtoolset-11/root/usr/bin/c++     -o CMakeFiles/cmTC_64f17.dir/testCXXCompiler.cxx.o -c /home/mdnd/Hybrid_Generation_Clean_EXP/build/CMakeFiles/CMakeTmp/testCXXCompiler.cxx
Linking CXX executable cmTC_64f17
/usr/bin/cmake3 -E cmake_link_script CMakeFiles/cmTC_64f17.dir/link.txt --verbose=1
/opt/rh/devtoolset-11/root/usr/bin/c++       CMakeFiles/cmTC_64f17.dir/testCXXCompiler.cxx.o  -o cmTC_64f17 
gmake[1]: Leaving directory `/home/mdnd/Hybrid_Generation_Clean_EXP/build/CMakeFiles/CMakeTmp'



Detecting CXX compiler ABI info compiled with the following output:
Change Dir: /home/mdnd/Hybrid_Generation_Clean_EXP/build/CMakeFiles/CMakeTmp

Run Build Command(s):/usr/bin/gmake cmTC_b0cda/fast && /usr/bin/gmake  -f CMakeFiles/cmTC_b0cda.dir/build.make CMakeFiles/cmTC_b0cda.dir/build
gmake[1]: Entering directory `/home/mdnd/Hybrid_Generation_Clean_EXP/build/CMakeFiles/CMakeTmp'
Building CXX object CMakeFiles/cmTC_b0cda.dir/CMakeCXXCompilerABI.cpp.o
/opt/rh/devtoolset-11/root/usr/bin/c++    -v -o CMakeFiles/cmTC_b0cda.dir/CMakeCXXCompilerABI.cpp.o -c /usr/share/cmake3/Modules/CMakeCXXCompilerABI.cpp
Using built-in specs.
COLLECT_GCC=/opt/rh/devtoolset-11/root/usr/bin/c++
Target: x86_64-redhat-linux
Configured with: ../configure --enable-bootstrap --enable-languages=c,c++,fortran,lto --prefix=/opt/rh/devtoolset-11/root/usr --mandir=/opt/rh/devtoolset-11/root/usr/share/man --infodir=/opt/rh/devtoolset-11/root/usr/share/info --with-bugurl=http://bugzilla.redhat.com/bugzilla --enable-shared --enable-threads=posix --enable-checking=release --enable-multilib --with-system-zlib --enable-__cxa_atexit --disable-libunwind-exceptions --enable-gnu-unique-object --enable-linker-build-id --with-gcc-major-version-only --with-linker-hash-style=gnu --with-default-libstdcxx-abi=gcc4-compatible --enable-plugin --enable-initfini-array --with-isl=/builddir/build/BUILD/gcc-11.2.1-20220127/obj-x86_64-redhat-linux/isl-install --enable-gnu-indirect-function --with-tune=generic --with-arch_32=x86-64 --build=x86_64-redhat-linux
Thread model: posix
Supported LTO compression algorithms: zlib
gcc version 11.2.1 20220127 (Red Hat 11.2.1-9) (GCC) 
COLLECT_GCC_OPTIONS='-v' '-o' 'CMakeFiles/cmTC_b0cda.dir/CMakeCXXCompilerABI.cpp.o' '-c' '-shared-libgcc' '-mtune=generic' '-march=x86-64' '-dumpdir' 'CMakeFiles/cmTC_b0cda.dir/'
 /opt/rh/devtoolset-11/root/usr/libexec/gcc/x86_64-redhat-linux/11/cc1plus -quiet -v -D_GNU_SOURCE /usr/share/cmake3/Modules/CMakeCXXCompilerABI.cpp -quiet -dumpdir CMakeFiles/cmTC_b0cda.dir/ -dumpbase CMakeCXXCompilerABI.cpp.cpp -dumpbase-ext .cpp -mtune=generic -march=x86-64 -version -o /tmp/cc8RIThs.s
GNU C++17 (GCC) version 11.2.1 20220127 (Red Hat 11.2.1-9) (x86_64-redhat-linux)
	compiled by GNU C version 11.2.1 20220127 (Red Hat 11.2.1-9), GMP version 6.0.0, MPFR version 3.1.1, MPC version 1.0.1, isl version isl-0.18-GMP

GGC heuristics: --param ggc-min-expand=100 --param ggc-min-heapsize=131072
ignoring duplicate directory "/usr/local/tbb/include"
ignoring nonexistent directory "/opt/rh/devtoolset-11/root/usr/lib/gcc/x86_64-redhat-linux/11/include-fixed"
ignoring nonexistent directory "/opt/rh/devtoolset-11/root/usr/lib/gcc/x86_64-redhat-linux/11/../../../../x86_64-redhat-linux/include"
#include "..." search starts here:
#include <...> search starts here:
 /usr/local/tbb/include
 .
 /opt/rh/devtoolset-11/root/usr/lib/gcc/x86_64-redhat-linux/11/../../../../include/c++/11
 /opt/rh/devtoolset-11/root/usr/lib/gcc/x86_64-redhat-linux/11/../../../../include/c++/11/x86_64-redhat-linux
 /opt/rh/devtoolset-11/root/usr/lib/gcc/x86_64-redhat-linux/11/../../../../include/c++/11/backward
 /opt/rh/devtoolset-11/root/usr/lib/gcc/x86_64-redhat-linux/11/include
 /usr/local/include
 /opt/rh/devtoolset-11/root/usr/include
 /usr/include
End of search list.
GNU C++17 (GCC) version 11.2.1 20220127 (Red Hat 11.2.1-9) (x86_64-redhat-linux)
	compiled by GNU C version 11.2.1 20220127 (Red Hat 11.2.1-9), GMP version 6.0.0, MPFR version 3.1.1, MPC version 1.0.1, isl version isl-0.18-GMP

GGC heuristics: --param ggc-min-expand=100 --param ggc-min-heapsize=131072
Compiler executable checksum: 4d912b14bce339cc8a41b2b0d103bc14
COLLECT_GCC_OPTIONS='-v' '-o' 'CMakeFiles/cmTC_b0cda.dir/CMakeCXXCompilerABI.cpp.o' '-c' '-shared-libgcc' '-mtune=generic' '-march=x86-64' '-dumpdir' 'CMakeFiles/cmTC_b0cda.dir/'
 /opt/rh/devtoolset-11/root/usr/libexec/gcc/x86_64-redhat-linux/11/as -v --64 -o CMakeFiles/cmTC_b0cda.dir/CMakeCXXCompilerABI.cpp.o /tmp/cc8RIThs.s
GNU assembler version 2.36.1 (x86_64-redhat-linux) using BFD version version 2.36.1-1.el7.2
COMPILER_PATH=/opt/rh/devtoolset-11/root/usr/libexec/gcc/x86_64-redhat-linux/11/:/opt/rh/devtoolset-11/root/usr/libexec/gcc/x86_64-redhat-linux/11/:/opt/rh/devtoolset-11/root/usr/libexec/gcc/x86_64-redhat-linux/:/opt/rh/devtoolset-11/root/usr/lib/gcc/x86_64-redhat-linux/11/:/opt/rh/devtoolset-11/root/usr/lib/gcc/x86_64-redhat-linux/
LIBRARY_PATH=/opt/rh/devtoolset-11/root/usr/lib/gcc/x86_64-redhat-linux/11/:/opt/rh/devtoolset-11/root/usr/lib/gcc/x86_64-redhat-linux/11/../../../../lib64/:/lib/../lib64/:/usr/lib/../lib64/:/usr/local/openmpi/lib/:/usr/local/openmpi/lib/:./:/opt/rh/devtoolset-11/root/usr/lib/gcc/x86_64-redhat-linux/11/../../../:/lib/:/usr/lib/
COLLECT_GCC_OPTIONS='-v' '-o' 'CMakeFiles/cmTC_b0cda.dir/CMakeCXXCompilerABI.cpp.o' '-c' '-shared-libgcc' '-mtune=generic' '-march=x86-64' '-dumpdir' 'CMakeFiles/cmTC_b0cda.dir/CMakeCXXCompilerABI.cpp.'
Linking CXX executable cmTC_b0cda
/usr/bin/cmake3 -E cmake_link_script CMakeFiles/cmTC_b0cda.dir/link.txt --verbose=1
/opt/rh/devtoolset-11/root/usr/bin/c++      -v CMakeFiles/cmTC_b0cda.dir/CMakeCXXCompilerABI.cpp.o  -o cmTC_b0cda 
Using built-in specs.
COLLECT_GCC=/opt/rh/devtoolset-11/root/usr/bin/c++
COLLECT_LTO_WRAPPER=/opt/rh/devtoolset-11/root/usr/libexec/gcc/x86_64-redhat-linux/11/lto-wrapper
Target: x86_64-redhat-linux
Configured with: ../configure --enable-bootstrap --enable-languages=c,c++,fortran,lto --prefix=/opt/rh/devtoolset-11/root/usr --mandir=/opt/rh/devtoolset-11/root/usr/share/man --infodir=/opt/rh/devtoolset-11/root/usr/share/info --with-bugurl=http://bugzilla.redhat.com/bugzilla --enable-shared --enable-threads=posix --enable-checking=release --enable-multilib --with-system-zlib --enable-__cxa_atexit --disable-libunwind-exceptions --enable-gnu-unique-object --enable-linker-build-id --with-gcc-major-version-only --with-linker-hash-style=gnu --with-default-libstdcxx-abi=gcc4-compatible --enable-plugin --enable-initfini-array --with-isl=/builddir/build/BUILD/gcc-11.2.1-20220127/obj-x86_64-redhat-linux/isl-install --enable-gnu-indirect-function --with-tune=generic --with-arch_32=x86-64 --build=x86_64-redhat-linux
Thread model: posix
Supported LTO compression algorithms: zlib
gcc version 11.2.1 20220127 (Red Hat 11.2.1-9) (GCC) 
COMPILER_PATH=/opt/rh/devtoolset-11/root/usr/libexec/gcc/x86_64-redhat-linux/11/:/opt/rh/devtoolset-11/root/usr/libexec/gcc/x86_64-redhat-linux/11/:/opt/rh/devtoolset-11/root/usr/libexec/gcc/x86_64-redhat-linux/:/opt/rh/devtoolset-11/root/usr/lib/gcc/x86_64-redhat-linux/11/:/opt/rh/devtoolset-11/root/usr/lib/gcc/x86_64-redhat-linux/
LIBRARY_PATH=/opt/rh/devtoolset-11/root/usr/lib/gcc/x86_64-redhat-linux/11/:/opt/rh/devtoolset-11/root/usr/lib/gcc/x86_64-redhat-linux/11/../../../../lib64/:/lib/../lib64/:/usr/lib/../lib64/:/usr/local/openmpi/lib/:/usr/local/openmpi/lib/:./:/opt/rh/devtoolset-11/root/usr/lib/gcc/x86_64-redhat-linux/11/../../../:/lib/:/usr/lib/
COLLECT_GCC_OPTIONS='-v' '-o' 'cmTC_b0cda' '-shared-libgcc' '-mtune=generic' '-march=x86-64' '-dumpdir' 'cmTC_b0cda.'
 /opt/rh/devtoolset-11/root/usr/libexec/gcc/x86_64-redhat-linux/11/collect2 -plugin /opt/rh/devtoolset-11/root/usr/libexec/gcc/x86_64-redhat-linux/11/liblto_plugin.so -plugin-opt=/opt/rh/devtoolset-11/root/usr/libexec/gcc/x86_64-redhat-linux/11/lto-wrapper -plugin-opt=-fresolution=/tmp/ccZCiSsu.res -plugin-opt=-pass-through=-lgcc_s -plugin-opt=-pass-through=-lgcc -plugin-opt=-pass-through=-lc -plugin-opt=-pass-through=-lgcc_s -plugin-opt=-pass-through=-lgcc --build-id --no-add-needed --eh-frame-hdr --hash-style=gnu -m elf_x86_64 -dynamic-linker /lib64/ld-linux-x86-64.so.2 -o cmTC_b0cda /lib/../lib64/crt1.o /lib/../lib64/crti.o /opt/rh/devtoolset-11/root/usr/lib/gcc/x86_64-redhat-linux/11/crtbegin.o -L/opt/rh/devtoolset-11/root/usr/lib/gcc/x86_64-redhat-linux/11 -L/opt/rh/devtoolset-11/root/usr/lib/gcc/x86_64-redhat-linux/11/../../../../lib64 -L/lib/../lib64 -L/usr/lib/../lib64 -L/usr/local/openmpi/lib -L/usr/local/openmpi/lib -L. -L/opt/rh/devtoolset-11/root/usr/lib/gcc/x86_64-redhat-linux/11/../../.. CMakeFiles/cmTC_b0cda.dir/CMakeCXXCompilerABI.cpp.o -lstdc++ -lm -lgcc_s -lgcc -lc -lgcc_s -lgcc /opt/rh/devtoolset-11/root/usr/lib/gcc/x86_64-redhat-linux/11/crtend.o /lib/../lib64/crtn.o
COLLECT_GCC_OPTIONS='-v' '-o' 'cmTC_b0cda' '-shared-libgcc' '-mtune=generic' '-march=x86-64' '-dumpdir' 'cmTC_b0cda.'
gmake[1]: Leaving directory `/home/mdnd/Hybrid_Generation_Clean_EXP/build/CMakeFiles/CMakeTmp'



Parsed CXX implicit include dir info from above output: rv=done
  found start of include info
  found start of implicit include info
    add: [/usr/local/tbb/include]
    add: [.]
    add: [/opt/rh/devtoolset-11/root/usr/lib/gcc/x86_64-redhat-linux/11/../../../../include/c++/11]
    add: [/opt/rh/devtoolset-11/root/usr/lib/gcc/x86_64-redhat-linux/11/../../../../include/c++/11/x86_64-redhat-linux]
    add: [/opt/rh/devtoolset-11/root/usr/lib/gcc/x86_64-redhat-linux/11/../../../../include/c++/11/backward]
    add: [/opt/rh/devtoolset-11/root/usr/lib/gcc/x86_64-redhat-linux/11/include]
    add: [/usr/local/include]
    add: [/opt/rh/devtoolset-11/root/usr/include]
    add: [/usr/include]
  end of search list found
  collapse include dir [/usr/local/tbb/include] ==> [/usr/local/tbb/include]
  skipping relative include dir [.]
  collapse include dir [/opt/rh/devtoolset-11/root/usr/lib/gcc/x86_64-redhat-linux/11/../../../../include/c++/11] ==> [/opt/rh/devtoolset-11/root/usr/include/c++/11]
  collapse include dir [/opt/rh/devtoolset-11/root/usr/lib/gcc/x86_64-redhat-linux/11/../../../../include/c++/11/x86_64-redhat-linux] ==> [/opt/rh/devtoolset-11/root/usr/include/c++/11/x86_64-redhat-linux]
  collapse include dir [/opt/rh/devtoolset-11/root/usr/lib/gcc/x86_64-redhat-linux/11/../../../../include/c++/11/backward] ==> [/opt/rh/devtoolset-11/root/usr/include/c++/11/backward]
  collapse include dir [/opt/rh/devtoolset-11/root/usr/lib/gcc/x86_64-redhat-linux/11/include] ==> [/opt/rh/devtoolset-11/root/usr/lib/gcc/x86_64-redhat-linux/11/include]
  collapse include dir [/usr/local/include] ==> [/usr/local/include]
  collapse include dir [/opt/rh/devtoolset-11/root/usr/include] ==> [/opt/rh/devtoolset-11/root/usr/include]
  collapse include dir [/usr/include] ==> [/usr/include]
  implicit include dirs: [/usr/local/tbb/include;/opt/rh/devtoolset-11/root/usr/include/c++/11;/opt/rh/devtoolset-11/root/usr/include/c++/11/x86_64-redhat-linux;/opt/rh/devtoolset-11/root/usr/include/c++/11/backward;/opt/rh/devtoolset-11/root/usr/lib/gcc/x86_64-redhat-linux/11/include;/usr/local/include;/opt/rh/devtoolset-11/root/usr/include;/usr/include]


Parsed CXX implicit link information from above output:
  link line regex: [^( *|.*[/\])(ld|CMAKE_LINK_STARTFILE-NOTFOUND|([^/\]+-)?ld|collect2)[^/\]*( |$)]
  ignore line: [Change Dir: /home/mdnd/Hybrid_Generation_Clean_EXP/build/CMakeFiles/CMakeTmp]
  ignore line: []
  ignore line: [Run Build Command(s):/usr/bin/gmake cmTC_b0cda/fast && /usr/bin/gmake  -f CMakeFiles/cmTC_b0cda.dir/build.make CMakeFiles/cmTC_b0cda.dir/build]
  ignore line: [gmake[1]: Entering directory `/home/mdnd/Hybrid_Generation_Clean_EXP/build/CMakeFiles/CMakeTmp']
  ignore line: [Building CXX object CMakeFiles/cmTC_b0cda.dir/CMakeCXXCompilerABI.cpp.o]
  ignore line: [/opt/rh/devtoolset-11/root/usr/bin/c++    -v -o CMakeFiles/cmTC_b0cda.dir/CMakeCXXCompilerABI.cpp.o -c /usr/share/cmake3/Modules/CMakeCXXCompilerABI.cpp]
  ignore line: [Using built-in specs.]
  ignore line: [COLLECT_GCC=/opt/rh/devtoolset-11/root/usr/bin/c++]
  ignore line: [Target: x86_64-redhat-linux]
  ignore line: [Configured with: ../configure --enable-bootstrap --enable-languages=c c++ fortran lto --prefix=/opt/rh/devtoolset-11/root/usr --mandir=/opt/rh/devtoolset-11/root/usr/share/man --infodir=/opt/rh/devtoolset-11/root/usr/share/info --with-bugurl=http://bugzilla.redhat.com/bugzilla --enable-shared --enable-threads=posix --enable-checking=release --enable-multilib --with-system-zlib --enable-__cxa_atexit --disable-libunwind-exceptions --enable-gnu-unique-object --enable-linker-build-id --with-gcc-major-version-only --with-linker-hash-style=gnu --with-default-libstdcxx-abi=gcc4-compatible --enable-plugin --enable-initfini-array --with-isl=/builddir/build/BUILD/gcc-11.2.1-20220127/obj-x86_64-redhat-linux/isl-install --enable-gnu-indirect-function --with-tune=generic --with-arch_32=x86-64 --build=x86_64-redhat-linux]
  ignore line: [Thread model: posix]
  ignore line: [Supported LTO compression algorithms: zlib]
  ignore line: [gcc version 11.2.1 20220127 (Red Hat 11.2.1-9) (GCC) ]
  ignore line: [COLLECT_GCC_OPTIONS='-v' '-o' 'CMakeFiles/cmTC_b0cda.dir/CMakeCXXCompilerABI.cpp.o' '-c' '-shared-libgcc' '-mtune=generic' '-march=x86-64' '-dumpdir' 'CMakeFiles/cmTC_b0cda.dir/']
  ignore line: [ /opt/rh/devtoolset-11/root/usr/libexec/gcc/x86_64-redhat-linux/11/cc1plus -quiet -v -D_GNU_SOURCE /usr/share/cmake3/Modules/CMakeCXXCompilerABI.cpp -quiet -dumpdir CMakeFiles/cmTC_b0cda.dir/ -dumpbase CMakeCXXCompilerABI.cpp.cpp -dumpbase-ext .cpp -mtune=generic -march=x86-64 -version -o /tmp/cc8RIThs.s]
  ignore line: [GNU C++17 (GCC) version 11.2.1 20220127 (Red Hat 11.2.1-9) (x86_64-redhat-linux)]
  ignore line: [	compiled by GNU C version 11.2.1 20220127 (Red Hat 11.2.1-9)  GMP version 6.0.0  MPFR version 3.1.1  MPC version 1.0.1  isl version isl-0.18-GMP]
  ignore line: []
  ignore line: [GGC heuristics: --param ggc-min-expand=100 --param ggc-min-heapsize=131072]
  ignore line: [ignoring duplicate directory "/usr/local/tbb/include"]
  ignore line: [ignoring nonexistent directory "/opt/rh/devtoolset-11/root/usr/lib/gcc/x86_64-redhat-linux/11/include-fixed"]
  ignore line: [ignoring nonexistent directory "/opt/rh/devtoolset-11/root/usr/lib/gcc/x86_64-redhat-linux/11/../../../../x86_64-redhat-linux/include"]
  ignore line: [#include "..." search starts here:]
  ignore line: [#include <...> search starts here:]
  ignore line: [ /usr/local/tbb/include]
  ignore line: [ .]
  ignore line: [ /opt/rh/devtoolset-11/root/usr/lib/gcc/x86_64-redhat-linux/11/../../../../include/c++/11]
  ignore line: [ /opt/rh/devtoolset-11/root/usr/lib/gcc/x86_64-redhat-linux/11/../../../../include/c++/11/x86_64-redhat-linux]
  ignore line: [ /opt/rh/devtoolset-11/root/usr/lib/gcc/x86_64-redhat-linux/11/../../../../include/c++/11/backward]
  ignore line: [ /opt/rh/devtoolset-11/root/usr/lib/gcc/x86_64-redhat-linux/11/include]
  ignore line: [ /usr/local/include]
  ignore line: [ /opt/rh/devtoolset-11/root/usr/include]
  ignore line: [ /usr/include]
  ignore line: [End of search list.]
  ignore line: [GNU C++17 (GCC) version 11.2.1 20220127 (Red Hat 11.2.1-9) (x86_64-redhat-linux)]
  ignore line: [	compiled by GNU C version 11.2.1 20220127 (Red Hat 11.2.1-9)  GMP version 6.0.0  MPFR version 3.1.1  MPC version 1.0.1  isl version isl-0.18-GMP]
  ignore line: []
  ignore line: [GGC heuristics: --param ggc-min-expand=100 --param ggc-min-heapsize=131072]
  ignore line: [Compiler executable checksum: 4d912b14bce339cc8a41b2b0d103bc14]
  ignore line: [COLLECT_GCC_OPTIONS='-v' '-o' 'CMakeFiles/cmTC_b0cda.dir/CMakeCXXCompilerABI.cpp.o' '-c' '-shared-libgcc' '-mtune=generic' '-march=x86-64' '-dumpdir' 'CMakeFiles/cmTC_b0cda.dir/']
  ignore line: [ /opt/rh/devtoolset-11/root/usr/libexec/gcc/x86_64-redhat-linux/11/as -v --64 -o CMakeFiles/cmTC_b0cda.dir/CMakeCXXCompilerABI.cpp.o /tmp/cc8RIThs.s]
  ignore line: [GNU assembler version 2.36.1 (x86_64-redhat-linux) using BFD version version 2.36.1-1.el7.2]
  ignore line: [COMPILER_PATH=/opt/rh/devtoolset-11/root/usr/libexec/gcc/x86_64-redhat-linux/11/:/opt/rh/devtoolset-11/root/usr/libexec/gcc/x86_64-redhat-linux/11/:/opt/rh/devtoolset-11/root/usr/libexec/gcc/x86_64-redhat-linux/:/opt/rh/devtoolset-11/root/usr/lib/gcc/x86_64-redhat-linux/11/:/opt/rh/devtoolset-11/root/usr/lib/gcc/x86_64-redhat-linux/]
  ignore line: [LIBRARY_PATH=/opt/rh/devtoolset-11/root/usr/lib/gcc/x86_64-redhat-linux/11/:/opt/rh/devtoolset-11/root/usr/lib/gcc/x86_64-redhat-linux/11/../../../../lib64/:/lib/../lib64/:/usr/lib/../lib64/:/usr/local/openmpi/lib/:/usr/local/openmpi/lib/:./:/opt/rh/devtoolset-11/root/usr/lib/gcc/x86_64-redhat-linux/11/../../../:/lib/:/usr/lib/]
  ignore line: [COLLECT_GCC_OPTIONS='-v' '-o' 'CMakeFiles/cmTC_b0cda.dir/CMakeCXXCompilerABI.cpp.o' '-c' '-shared-libgcc' '-mtune=generic' '-march=x86-64' '-dumpdir' 'CMakeFiles/cmTC_b0cda.dir/CMakeCXXCompilerABI.cpp.']
  ignore line: [Linking CXX executable cmTC_b0cda]
  ignore line: [/usr/bin/cmake3 -E cmake_link_script CMakeFiles/cmTC_b0cda.dir/link.txt --verbose=1]
  ignore line: [/opt/rh/devtoolset-11/root/usr/bin/c++      -v CMakeFiles/cmTC_b0cda.dir/CMakeCXXCompilerABI.cpp.o  -o cmTC_b0cda ]
  ignore line: [Using built-in specs.]
  ignore line: [COLLECT_GCC=/opt/rh/devtoolset-11/root/usr/bin/c++]
  ignore line: [COLLECT_LTO_WRAPPER=/opt/rh/devtoolset-11/root/usr/libexec/gcc/x86_64-redhat-linux/11/lto-wrapper]
  ignore line: [Target: x86_64-redhat-linux]
  ignore line: [Configured with: ../configure --enable-bootstrap --enable-languages=c c++ fortran lto --prefix=/opt/rh/devtoolset-11/root/usr --mandir=/opt/rh/devtoolset-11/root/usr/share/man --infodir=/opt/rh/devtoolset-11/root/usr/share/info --with-bugurl=http://bugzilla.redhat.com/bugzilla --enable-shared --enable-threads=posix --enable-checking=release --enable-multilib --with-system-zlib --enable-__cxa_atexit --disable-libunwind-exceptions --enable-gnu-unique-object --enable-linker-build-id --with-gcc-major-version-only --with-linker-hash-style=gnu --with-default-libstdcxx-abi=gcc4-compatible --enable-plugin --enable-initfini-array --with-isl=/builddir/build/BUILD/gcc-11.2.1-20220127/obj-x86_64-redhat-linux/isl-install --enable-gnu-indirect-function --with-tune=generic --with-arch_32=x86-64 --build=x86_64-redhat-linux]
  ignore line: [Thread model: posix]
  ignore line: [Supported LTO compression algorithms: zlib]
  ignore line: [gcc version 11.2.1 20220127 (Red Hat 11.2.1-9) (GCC) ]
  ignore line: [COMPILER_PATH=/opt/rh/devtoolset-11/root/usr/libexec/gcc/x86_64-redhat-linux/11/:/opt/rh/devtoolset-11/root/usr/libexec/gcc/x86_64-redhat-linux/11/:/opt/rh/devtoolset-11/root/usr/libexec/gcc/x86_64-redhat-linux/:/opt/rh/devtoolset-11/root/usr/lib/gcc/x86_64-redhat-linux/11/:/opt/rh/devtoolset-11/root/usr/lib/gcc/x86_64-redhat-linux/]
  ignore line: [LIBRARY_PATH=/opt/rh/devtoolset-11/root/usr/lib/gcc/x86_64-redhat-linux/11/:/opt/rh/devtoolset-11/root/usr/lib/gcc/x86_64-redhat-linux/11/../../../../lib64/:/lib/../lib64/:/usr/lib/../lib64/:/usr/local/openmpi/lib/:/usr/local/openmpi/lib/:./:/opt/rh/devtoolset-11/root/usr/lib/gcc/x86_64-redhat-linux/11/../../../:/lib/:/usr/lib/]
  ignore line: [COLLECT_GCC_OPTIONS='-v' '-o' 'cmTC_b0cda' '-shared-libgcc' '-mtune=generic' '-march=x86-64' '-dumpdir' 'cmTC_b0cda.']
  link line: [ /opt/rh/devtoolset-11/root/usr/libexec/gcc/x86_64-redhat-linux/11/collect2 -plugin /opt/rh/devtoolset-11/root/usr/libexec/gcc/x86_64-redhat-linux/11/liblto_plugin.so -plugin-opt=/opt/rh/devtoolset-11/root/usr/libexec/gcc/x86_64-redhat-linux/11/lto-wrapper -plugin-opt=-fresolution=/tmp/ccZCiSsu.res -plugin-opt=-pass-through=-lgcc_s -plugin-opt=-pass-through=-lgcc -plugin-opt=-pass-through=-lc -plugin-opt=-pass-through=-lgcc_s -plugin-opt=-pass-through=-lgcc --build-id --no-add-needed --eh-frame-hdr --hash-style=gnu -m elf_x86_64 -dynamic-linker /lib64/ld-linux-x86-64.so.2 -o cmTC_b0cda /lib/../lib64/crt1.o /lib/../lib64/crti.o /opt/rh/devtoolset-11/root/usr/lib/gcc/x86_64-redhat-linux/11/crtbegin.o -L/opt/rh/devtoolset-11/root/usr/lib/gcc/x86_64-redhat-linux/11 -L/opt/rh/devtoolset-11/root/usr/lib/gcc/x86_64-redhat-linux/11/../../../../lib64 -L/lib/../lib64 -L/usr/lib/../lib64 -L/usr/local/openmpi/lib -L/usr/local/openmpi/lib -L. -L/opt/rh/devtoolset-11/root/usr/lib/gcc/x86_64-redhat-linux/11/../../.. CMakeFiles/cmTC_b0cda.dir/CMakeCXXCompilerABI.cpp.o -lstdc++ -lm -lgcc_s -lgcc -lc -lgcc_s -lgcc /opt/rh/devtoolset-11/root/usr/lib/gcc/x86_64-redhat-linux/11/crtend.o /lib/../lib64/crtn.o]
    arg [/opt/rh/devtoolset-11/root/usr/libexec/gcc/x86_64-redhat-linux/11/collect2] ==> ignore
    arg [-plugin] ==> ignore
    arg [/opt/rh/devtoolset-11/root/usr/libexec/gcc/x86_64-redhat-linux/11/liblto_plugin.so] ==> ignore
    arg [-plugin-opt=/opt/rh/devtoolset-11/root/usr/libexec/gcc/x86_64-redhat-linux/11/lto-wrapper] ==> ignore
    arg [-plugin-opt=-fresolution=/tmp/ccZCiSsu.res] ==> ignore
    arg [-plugin-opt=-pass-through=-lgcc_s] ==> ignore
    arg [-plugin-opt=-pass-through=-lgcc] ==> ignore
    arg [-plugin-opt=-pass-through=-lc] ==> ignore
    arg [-plugin-opt=-pass-through=-lgcc_s] ==> ignore
    arg [-plugin-opt=-pass-through=-lgcc] ==> ignore
    arg [--build-id] ==> ignore
    arg [--no-add-needed] ==> ignore
    arg [--eh-frame-hdr] ==> ignore
    arg [--hash-style=gnu] ==> ignore
    arg [-m] ==> ignore
    arg [elf_x86_64] ==> ignore
    arg [-dynamic-linker] ==> ignore
    arg [/lib64/ld-linux-x86-64.so.2] ==> ignore
    arg [-o] ==> ignore
    arg [cmTC_b0cda] ==> ignore
    arg [/lib/../lib64/crt1.o] ==> ignore
    arg [/lib/../lib64/crti.o] ==> ignore
    arg [/opt/rh/devtoolset-11/root/usr/lib/gcc/x86_64-redhat-linux/11/crtbegin.o] ==> ignore
    arg [-L/opt/rh/devtoolset-11/root/usr/lib/gcc/x86_64-redhat-linux/11] ==> dir [/opt/rh/devtoolset-11/root/usr/lib/gcc/x86_64-redhat-linux/11]
    arg [-L/opt/rh/devtoolset-11/root/usr/lib/gcc/x86_64-redhat-linux/11/../../../../lib64] ==> dir [/opt/rh/devtoolset-11/root/usr/lib/gcc/x86_64-redhat-linux/11/../../../../lib64]
    arg [-L/lib/../lib64] ==> dir [/lib/../lib64]
    arg [-L/usr/lib/../lib64] ==> dir [/usr/lib/../lib64]
    arg [-L/usr/local/openmpi/lib] ==> dir [/usr/local/openmpi/lib]
    arg [-L/usr/local/openmpi/lib] ==> dir [/usr/local/openmpi/lib]
    arg [-L.] ==> ignore
    arg [-L/opt/rh/devtoolset-11/root/usr/lib/gcc/x86_64-redhat-linux/11/../../..] ==> dir [/opt/rh/devtoolset-11/root/usr/lib/gcc/x86_64-redhat-linux/11/../../..]
    arg [CMakeFiles/cmTC_b0cda.dir/CMakeCXXCompilerABI.cpp.o] ==> ignore
    arg [-lstdc++] ==> lib [stdc++]
    arg [-lm] ==> lib [m]
    arg [-lgcc_s] ==> lib [gcc_s]
    arg [-lgcc] ==> lib [gcc]
    arg [-lc] ==> lib [c]
    arg [-lgcc_s] ==> lib [gcc_s]
    arg [-lgcc] ==> lib [gcc]
    arg [/opt/rh/devtoolset-11/root/usr/lib/gcc/x86_64-redhat-linux/11/crtend.o] ==> ignore
    arg [/lib/../lib64/crtn.o] ==> ignore
  collapse library dir [/opt/rh/devtoolset-11/root/usr/lib/gcc/x86_64-redhat-linux/11] ==> [/opt/rh/devtoolset-11/root/usr/lib/gcc/x86_64-redhat-linux/11]
  collapse library dir [/opt/rh/devtoolset-11/root/usr/lib/gcc/x86_64-redhat-linux/11/../../../../lib64] ==> [/opt/rh/devtoolset-11/root/usr/lib64]
  collapse library dir [/lib/../lib64] ==> [/lib64]
  collapse library dir [/usr/lib/../lib64] ==> [/usr/lib64]
  collapse library dir [/usr/local/openmpi/lib] ==> [/usr/local/openmpi/lib]
  collapse library dir [/usr/local/openmpi/lib] ==> [/usr/local/openmpi/lib]
  collapse library dir [/opt/rh/devtoolset-11/root/usr/lib/gcc/x86_64-redhat-linux/11/../../..] ==> [/opt/rh/devtoolset-11/root/usr/lib]
  implicit libs: [stdc++;m;gcc_s;gcc;c;gcc_s;gcc]
  implicit dirs: [/opt/rh/devtoolset-11/root/usr/lib/gcc/x86_64-redhat-linux/11;/opt/rh/devtoolset-11/root/usr/lib64;/lib64;/usr/lib64;/usr/local/openmpi/lib;/opt/rh/devtoolset-11/root/usr/lib]
  implicit fwks: []


Determining if the CUDA compiler works passed with the following output:
Change Dir: /home/mdnd/Hybrid_Generation_Clean_EXP/build/CMakeFiles/CMakeTmp

Run Build Command(s):/usr/bin/gmake cmTC_e0163/fast && /usr/bin/gmake  -f CMakeFiles/cmTC_e0163.dir/build.make CMakeFiles/cmTC_e0163.dir/build
gmake[1]: Entering directory `/home/mdnd/Hybrid_Generation_Clean_EXP/build/CMakeFiles/CMakeTmp'
Building CUDA object CMakeFiles/cmTC_e0163.dir/main.cu.o
/usr/local/cuda-11.8/bin/nvcc -forward-unknown-to-host-compiler    -x cu -c /home/mdnd/Hybrid_Generation_Clean_EXP/build/CMakeFiles/CMakeTmp/main.cu -o CMakeFiles/cmTC_e0163.dir/main.cu.o
Linking CUDA executable cmTC_e0163
/usr/bin/cmake3 -E cmake_link_script CMakeFiles/cmTC_e0163.dir/link.txt --verbose=1
/opt/rh/devtoolset-11/root/usr/bin/g++   CMakeFiles/cmTC_e0163.dir/main.cu.o -o cmTC_e0163  -lcudadevrt -lcudart_static  -L"/usr/local/cuda-11.8/targets/x86_64-linux/lib/stubs" -L"/usr/local/cuda-11.8/targets/x86_64-linux/lib" -lcudadevrt -lcudart_static -lrt -lpthread -ldl
gmake[1]: Leaving directory `/home/mdnd/Hybrid_Generation_Clean_EXP/build/CMakeFiles/CMakeTmp'



Detecting CUDA compiler ABI info compiled with the following output:
Change Dir: /home/mdnd/Hybrid_Generation_Clean_EXP/build/CMakeFiles/CMakeTmp

Run Build Command(s):/usr/bin/gmake cmTC_0bbaf/fast && /usr/bin/gmake  -f CMakeFiles/cmTC_0bbaf.dir/build.make CMakeFiles/cmTC_0bbaf.dir/build
gmake[1]: Entering directory `/home/mdnd/Hybrid_Generation_Clean_EXP/build/CMakeFiles/CMakeTmp'
Building CUDA object CMakeFiles/cmTC_0bbaf.dir/CMakeCUDACompilerABI.cu.o
/usr/local/cuda-11.8/bin/nvcc -forward-unknown-to-host-compiler   -Xcompiler=-v -x cu -c /usr/share/cmake3/Modules/CMakeCUDACompilerABI.cu -o CMakeFiles/cmTC_0bbaf.dir/CMakeCUDACompilerABI.cu.o
Using built-in specs.
COLLECT_GCC=gcc
Target: x86_64-redhat-linux
Configured with: ../configure --enable-bootstrap --enable-languages=c,c++,fortran,lto --prefix=/opt/rh/devtoolset-11/root/usr --mandir=/opt/rh/devtoolset-11/root/usr/share/man --infodir=/opt/rh/devtoolset-11/root/usr/share/info --with-bugurl=http://bugzilla.redhat.com/bugzilla --enable-shared --enable-threads=posix --enable-checking=release --enable-multilib --with-system-zlib --enable-__cxa_atexit --disable-libunwind-exceptions --enable-gnu-unique-object --enable-linker-build-id --with-gcc-major-version-only --with-linker-hash-style=gnu --with-default-libstdcxx-abi=gcc4-compatible --enable-plugin --enable-initfini-array --with-isl=/builddir/build/BUILD/gcc-11.2.1-20220127/obj-x86_64-redhat-linux/isl-install --enable-gnu-indirect-function --with-tune=generic --with-arch_32=x86-64 --build=x86_64-redhat-linux
Thread model: posix
Supported LTO compression algorithms: zlib
gcc version 11.2.1 20220127 (Red Hat 11.2.1-9) (GCC) 
COLLECT_GCC_OPTIONS='-D' '__CUDA_ARCH__=520' '-D' '__CUDA_ARCH_LIST__=520' '-E' '-D' 'CUDA_DOUBLE_MATH_FUNCTIONS' '-D' '__CUDACC__' '-D' '__NVCC__' '-v' '-I' '/usr/local/cuda-11.8/bin/../targets/x86_64-linux/include' '-D' '__CUDACC_VER_MAJOR__=11' '-D' '__CUDACC_VER_MINOR__=8' '-D' '__CUDACC_VER_BUILD__=89' '-D' '__CUDA_API_VER_MAJOR__=11' '-D' '__CUDA_API_VER_MINOR__=8' '-D' '__NVCC_DIAG_PRAGMA_SUPPORT__=1' '-include' 'cuda_runtime.h' '-m64' '-o' '/tmp/tmpxft_0000141d_00000000-7_CMakeCUDACompilerABI.cpp1.ii' '-mtune=generic' '-march=x86-64' '-dumpdir' '/tmp/'
 /opt/rh/devtoolset-11/root/usr/libexec/gcc/x86_64-redhat-linux/11/cc1plus -E -quiet -v -I /usr/local/cuda-11.8/bin/../targets/x86_64-linux/include -D_GNU_SOURCE -D __CUDA_ARCH__=520 -D __CUDA_ARCH_LIST__=520 -D CUDA_DOUBLE_MATH_FUNCTIONS -D __CUDACC__ -D __NVCC__ -D __CUDACC_VER_MAJOR__=11 -D __CUDACC_VER_MINOR__=8 -D __CUDACC_VER_BUILD__=89 -D __CUDA_API_VER_MAJOR__=11 -D __CUDA_API_VER_MINOR__=8 -D __NVCC_DIAG_PRAGMA_SUPPORT__=1 -include cuda_runtime.h /usr/share/cmake3/Modules/CMakeCUDACompilerABI.cu -o /tmp/tmpxft_0000141d_00000000-7_CMakeCUDACompilerABI.cpp1.ii -m64 -mtune=generic -march=x86-64 -dumpdir /tmp/ -dumpbase tmpxft_0000141d_00000000-7_CMakeCUDACompilerABI.cpp1.cu -dumpbase-ext .cu
ignoring duplicate directory "/usr/local/tbb/include"
ignoring nonexistent directory "/opt/rh/devtoolset-11/root/usr/lib/gcc/x86_64-redhat-linux/11/include-fixed"
ignoring nonexistent directory "/opt/rh/devtoolset-11/root/usr/lib/gcc/x86_64-redhat-linux/11/../../../../x86_64-redhat-linux/include"
#include "..." search starts here:
#include <...> search starts here:
 /usr/local/cuda-11.8/bin/../targets/x86_64-linux/include
 /usr/local/tbb/include
 .
 /opt/rh/devtoolset-11/root/usr/lib/gcc/x86_64-redhat-linux/11/../../../../include/c++/11
 /opt/rh/devtoolset-11/root/usr/lib/gcc/x86_64-redhat-linux/11/../../../../include/c++/11/x86_64-redhat-linux
 /opt/rh/devtoolset-11/root/usr/lib/gcc/x86_64-redhat-linux/11/../../../../include/c++/11/backward
 /opt/rh/devtoolset-11/root/usr/lib/gcc/x86_64-redhat-linux/11/include
 /usr/local/include
 /opt/rh/devtoolset-11/root/usr/include
 /usr/include
End of search list.
COMPILER_PATH=/opt/rh/devtoolset-11/root/usr/libexec/gcc/x86_64-redhat-linux/11/:/opt/rh/devtoolset-11/root/usr/libexec/gcc/x86_64-redhat-linux/11/:/opt/rh/devtoolset-11/root/usr/libexec/gcc/x86_64-redhat-linux/:/opt/rh/devtoolset-11/root/usr/lib/gcc/x86_64-redhat-linux/11/:/opt/rh/devtoolset-11/root/usr/lib/gcc/x86_64-redhat-linux/
LIBRARY_PATH=/opt/rh/devtoolset-11/root/usr/lib/gcc/x86_64-redhat-linux/11/:/opt/rh/devtoolset-11/root/usr/lib/gcc/x86_64-redhat-linux/11/../../../../lib64/:/lib/../lib64/:/usr/lib/../lib64/:/usr/local/openmpi/lib/:/usr/local/openmpi/lib/:./:/opt/rh/devtoolset-11/root/usr/lib/gcc/x86_64-redhat-linux/11/../../../:/lib/:/usr/lib/
COLLECT_GCC_OPTIONS='-D' '__CUDA_ARCH__=520' '-D' '__CUDA_ARCH_LIST__=520' '-E' '-D' 'CUDA_DOUBLE_MATH_FUNCTIONS' '-D' '__CUDACC__' '-D' '__NVCC__' '-v' '-I' '/usr/local/cuda-11.8/bin/../targets/x86_64-linux/include' '-D' '__CUDACC_VER_MAJOR__=11' '-D' '__CUDACC_VER_MINOR__=8' '-D' '__CUDACC_VER_BUILD__=89' '-D' '__CUDA_API_VER_MAJOR__=11' '-D' '__CUDA_API_VER_MINOR__=8' '-D' '__NVCC_DIAG_PRAGMA_SUPPORT__=1' '-include' 'cuda_runtime.h' '-m64' '-o' '/tmp/tmpxft_0000141d_00000000-7_CMakeCUDACompilerABI.cpp1.ii' '-mtune=generic' '-march=x86-64' '-dumpdir' '/tmp/tmpxft_0000141d_00000000-7_CMakeCUDACompilerABI.cpp1.'
Using built-in specs.
COLLECT_GCC=gcc
Target: x86_64-redhat-linux
Configured with: ../configure --enable-bootstrap --enable-languages=c,c++,fortran,lto --prefix=/opt/rh/devtoolset-11/root/usr --mandir=/opt/rh/devtoolset-11/root/usr/share/man --infodir=/opt/rh/devtoolset-11/root/usr/share/info --with-bugurl=http://bugzilla.redhat.com/bugzilla --enable-shared --enable-threads=posix --enable-checking=release --enable-multilib --with-system-zlib --enable-__cxa_atexit --disable-libunwind-exceptions --enable-gnu-unique-object --enable-linker-build-id --with-gcc-major-version-only --with-linker-hash-style=gnu --with-default-libstdcxx-abi=gcc4-compatible --enable-plugin --enable-initfini-array --with-isl=/builddir/build/BUILD/gcc-11.2.1-20220127/obj-x86_64-redhat-linux/isl-install --enable-gnu-indirect-function --with-tune=generic --with-arch_32=x86-64 --build=x86_64-redhat-linux
Thread model: posix
Supported LTO compression algorithms: zlib
gcc version 11.2.1 20220127 (Red Hat 11.2.1-9) (GCC) 
COLLECT_GCC_OPTIONS='-D' '__CUDA_ARCH_LIST__=520' '-E' '-D' '__CUDACC__' '-D' '__NVCC__' '-v' '-I' '/usr/local/cuda-11.8/bin/../targets/x86_64-linux/include' '-D' '__CUDACC_VER_MAJOR__=11' '-D' '__CUDACC_VER_MINOR__=8' '-D' '__CUDACC_VER_BUILD__=89' '-D' '__CUDA_API_VER_MAJOR__=11' '-D' '__CUDA_API_VER_MINOR__=8' '-D' '__NVCC_DIAG_PRAGMA_SUPPORT__=1' '-include' 'cuda_runtime.h' '-m64' '-o' '/tmp/tmpxft_0000141d_00000000-5_CMakeCUDACompilerABI.cpp4.ii' '-mtune=generic' '-march=x86-64' '-dumpdir' '/tmp/'
 /opt/rh/devtoolset-11/root/usr/libexec/gcc/x86_64-redhat-linux/11/cc1plus -E -quiet -v -I /usr/local/cuda-11.8/bin/../targets/x86_64-linux/include -D_GNU_SOURCE -D __CUDA_ARCH_LIST__=520 -D __CUDACC__ -D __NVCC__ -D __CUDACC_VER_MAJOR__=11 -D __CUDACC_VER_MINOR__=8 -D __CUDACC_VER_BUILD__=89 -D __CUDA_API_VER_MAJOR__=11 -D __CUDA_API_VER_MINOR__=8 -D __NVCC_DIAG_PRAGMA_SUPPORT__=1 -include cuda_runtime.h /usr/share/cmake3/Modules/CMakeCUDACompilerABI.cu -o /tmp/tmpxft_0000141d_00000000-5_CMakeCUDACompilerABI.cpp4.ii -m64 -mtune=generic -march=x86-64 -dumpdir /tmp/ -dumpbase tmpxft_0000141d_00000000-5_CMakeCUDACompilerABI.cpp4.cu -dumpbase-ext .cu
ignoring duplicate directory "/usr/local/tbb/include"
ignoring nonexistent directory "/opt/rh/devtoolset-11/root/usr/lib/gcc/x86_64-redhat-linux/11/include-fixed"
ignoring nonexistent directory "/opt/rh/devtoolset-11/root/usr/lib/gcc/x86_64-redhat-linux/11/../../../../x86_64-redhat-linux/include"
#include "..." search starts here:
#include <...> search starts here:
 /usr/local/cuda-11.8/bin/../targets/x86_64-linux/include
 /usr/local/tbb/include
 .
 /opt/rh/devtoolset-11/root/usr/lib/gcc/x86_64-redhat-linux/11/../../../../include/c++/11
 /opt/rh/devtoolset-11/root/usr/lib/gcc/x86_64-redhat-linux/11/../../../../include/c++/11/x86_64-redhat-linux
 /opt/rh/devtoolset-11/root/usr/lib/gcc/x86_64-redhat-linux/11/../../../../include/c++/11/backward
 /opt/rh/devtoolset-11/root/usr/lib/gcc/x86_64-redhat-linux/11/include
 /usr/local/include
 /opt/rh/devtoolset-11/root/usr/include
 /usr/include
End of search list.
COMPILER_PATH=/opt/rh/devtoolset-11/root/usr/libexec/gcc/x86_64-redhat-linux/11/:/opt/rh/devtoolset-11/root/usr/libexec/gcc/x86_64-redhat-linux/11/:/opt/rh/devtoolset-11/root/usr/libexec/gcc/x86_64-redhat-linux/:/opt/rh/devtoolset-11/root/usr/lib/gcc/x86_64-redhat-linux/11/:/opt/rh/devtoolset-11/root/usr/lib/gcc/x86_64-redhat-linux/
LIBRARY_PATH=/opt/rh/devtoolset-11/root/usr/lib/gcc/x86_64-redhat-linux/11/:/opt/rh/devtoolset-11/root/usr/lib/gcc/x86_64-redhat-linux/11/../../../../lib64/:/lib/../lib64/:/usr/lib/../lib64/:/usr/local/openmpi/lib/:/usr/local/openmpi/lib/:./:/opt/rh/devtoolset-11/root/usr/lib/gcc/x86_64-redhat-linux/11/../../../:/lib/:/usr/lib/
COLLECT_GCC_OPTIONS='-D' '__CUDA_ARCH_LIST__=520' '-E' '-D' '__CUDACC__' '-D' '__NVCC__' '-v' '-I' '/usr/local/cuda-11.8/bin/../targets/x86_64-linux/include' '-D' '__CUDACC_VER_MAJOR__=11' '-D' '__CUDACC_VER_MINOR__=8' '-D' '__CUDACC_VER_BUILD__=89' '-D' '__CUDA_API_VER_MAJOR__=11' '-D' '__CUDA_API_VER_MINOR__=8' '-D' '__NVCC_DIAG_PRAGMA_SUPPORT__=1' '-include' 'cuda_runtime.h' '-m64' '-o' '/tmp/tmpxft_0000141d_00000000-5_CMakeCUDACompilerABI.cpp4.ii' '-mtune=generic' '-march=x86-64' '-dumpdir' '/tmp/tmpxft_0000141d_00000000-5_CMakeCUDACompilerABI.cpp4.'
Using built-in specs.
COLLECT_GCC=gcc
Target: x86_64-redhat-linux
Configured with: ../configure --enable-bootstrap --enable-languages=c,c++,fortran,lto --prefix=/opt/rh/devtoolset-11/root/usr --mandir=/opt/rh/devtoolset-11/root/usr/share/man --infodir=/opt/rh/devtoolset-11/root/usr/share/info --with-bugurl=http://bugzilla.redhat.com/bugzilla --enable-shared --enable-threads=posix --enable-checking=release --enable-multilib --with-system-zlib --enable-__cxa_atexit --disable-libunwind-exceptions --enable-gnu-unique-object --enable-linker-build-id --with-gcc-major-version-only --with-linker-hash-style=gnu --with-default-libstdcxx-abi=gcc4-compatible --enable-plugin --enable-initfini-array --with-isl=/builddir/build/BUILD/gcc-11.2.1-20220127/obj-x86_64-redhat-linux/isl-install --enable-gnu-indirect-function --with-tune=generic --with-arch_32=x86-64 --build=x86_64-redhat-linux
Thread model: posix
Supported LTO compression algorithms: zlib
gcc version 11.2.1 20220127 (Red Hat 11.2.1-9) (GCC) 
COLLECT_GCC_OPTIONS='-D' '__CUDA_ARCH__=520' '-D' '__CUDA_ARCH_LIST__=520' '-c' '-D' 'CUDA_DOUBLE_MATH_FUNCTIONS' '-v' '-I' '/usr/local/cuda-11.8/bin/../targets/x86_64-linux/include' '-m64' '-o' 'CMakeFiles/cmTC_0bbaf.dir/CMakeCUDACompilerABI.cu.o' '-mtune=generic' '-march=x86-64' '-dumpdir' 'CMakeFiles/cmTC_0bbaf.dir/'
 /opt/rh/devtoolset-11/root/usr/libexec/gcc/x86_64-redhat-linux/11/cc1plus -quiet -v -I /usr/local/cuda-11.8/bin/../targets/x86_64-linux/include -D_GNU_SOURCE -D __CUDA_ARCH__=520 -D __CUDA_ARCH_LIST__=520 -D CUDA_DOUBLE_MATH_FUNCTIONS /tmp/tmpxft_0000141d_00000000-6_CMakeCUDACompilerABI.cudafe1.cpp -quiet -dumpdir CMakeFiles/cmTC_0bbaf.dir/ -dumpbase CMakeCUDACompilerABI.cu.cpp -dumpbase-ext .cpp -m64 -mtune=generic -march=x86-64 -version -o /tmp/cc5l55cI.s
GNU C++17 (GCC) version 11.2.1 20220127 (Red Hat 11.2.1-9) (x86_64-redhat-linux)
	compiled by GNU C version 11.2.1 20220127 (Red Hat 11.2.1-9), GMP version 6.0.0, MPFR version 3.1.1, MPC version 1.0.1, isl version isl-0.18-GMP

GGC heuristics: --param ggc-min-expand=100 --param ggc-min-heapsize=131072
ignoring duplicate directory "/usr/local/tbb/include"
ignoring nonexistent directory "/opt/rh/devtoolset-11/root/usr/lib/gcc/x86_64-redhat-linux/11/include-fixed"
ignoring nonexistent directory "/opt/rh/devtoolset-11/root/usr/lib/gcc/x86_64-redhat-linux/11/../../../../x86_64-redhat-linux/include"
#include "..." search starts here:
#include <...> search starts here:
 /usr/local/cuda-11.8/bin/../targets/x86_64-linux/include
 /usr/local/tbb/include
 .
 /opt/rh/devtoolset-11/root/usr/lib/gcc/x86_64-redhat-linux/11/../../../../include/c++/11
 /opt/rh/devtoolset-11/root/usr/lib/gcc/x86_64-redhat-linux/11/../../../../include/c++/11/x86_64-redhat-linux
 /opt/rh/devtoolset-11/root/usr/lib/gcc/x86_64-redhat-linux/11/../../../../include/c++/11/backward
 /opt/rh/devtoolset-11/root/usr/lib/gcc/x86_64-redhat-linux/11/include
 /usr/local/include
 /opt/rh/devtoolset-11/root/usr/include
 /usr/include
End of search list.
GNU C++17 (GCC) version 11.2.1 20220127 (Red Hat 11.2.1-9) (x86_64-redhat-linux)
	compiled by GNU C version 11.2.1 20220127 (Red Hat 11.2.1-9), GMP version 6.0.0, MPFR version 3.1.1, MPC version 1.0.1, isl version isl-0.18-GMP

GGC heuristics: --param ggc-min-expand=100 --param ggc-min-heapsize=131072
Compiler executable checksum: 4d912b14bce339cc8a41b2b0d103bc14
COLLECT_GCC_OPTIONS='-D' '__CUDA_ARCH__=520' '-D' '__CUDA_ARCH_LIST__=520' '-c' '-D' 'CUDA_DOUBLE_MATH_FUNCTIONS' '-v' '-I' '/usr/local/cuda-11.8/bin/../targets/x86_64-linux/include' '-m64' '-o' 'CMakeFiles/cmTC_0bbaf.dir/CMakeCUDACompilerABI.cu.o' '-mtune=generic' '-march=x86-64' '-dumpdir' 'CMakeFiles/cmTC_0bbaf.dir/'
 /opt/rh/devtoolset-11/root/usr/libexec/gcc/x86_64-redhat-linux/11/as -v -I /usr/local/cuda-11.8/bin/../targets/x86_64-linux/include --64 -o CMakeFiles/cmTC_0bbaf.dir/CMakeCUDACompilerABI.cu.o /tmp/cc5l55cI.s
GNU assembler version 2.36.1 (x86_64-redhat-linux) using BFD version version 2.36.1-1.el7.2
COMPILER_PATH=/opt/rh/devtoolset-11/root/usr/libexec/gcc/x86_64-redhat-linux/11/:/opt/rh/devtoolset-11/root/usr/libexec/gcc/x86_64-redhat-linux/11/:/opt/rh/devtoolset-11/root/usr/libexec/gcc/x86_64-redhat-linux/:/opt/rh/devtoolset-11/root/usr/lib/gcc/x86_64-redhat-linux/11/:/opt/rh/devtoolset-11/root/usr/lib/gcc/x86_64-redhat-linux/
LIBRARY_PATH=/opt/rh/devtoolset-11/root/usr/lib/gcc/x86_64-redhat-linux/11/:/opt/rh/devtoolset-11/root/usr/lib/gcc/x86_64-redhat-linux/11/../../../../lib64/:/lib/../lib64/:/usr/lib/../lib64/:/usr/local/openmpi/lib/:/usr/local/openmpi/lib/:./:/opt/rh/devtoolset-11/root/usr/lib/gcc/x86_64-redhat-linux/11/../../../:/lib/:/usr/lib/
COLLECT_GCC_OPTIONS='-D' '__CUDA_ARCH__=520' '-D' '__CUDA_ARCH_LIST__=520' '-c' '-D' 'CUDA_DOUBLE_MATH_FUNCTIONS' '-v' '-I' '/usr/local/cuda-11.8/bin/../targets/x86_64-linux/include' '-m64' '-o' 'CMakeFiles/cmTC_0bbaf.dir/CMakeCUDACompilerABI.cu.o' '-mtune=generic' '-march=x86-64' '-dumpdir' 'CMakeFiles/cmTC_0bbaf.dir/CMakeCUDACompilerABI.cu.'
Linking CUDA executable cmTC_0bbaf
/usr/bin/cmake3 -E cmake_link_script CMakeFiles/cmTC_0bbaf.dir/link.txt --verbose=1
/opt/rh/devtoolset-11/root/usr/bin/g++  -v CMakeFiles/cmTC_0bbaf.dir/CMakeCUDACompilerABI.cu.o -o cmTC_0bbaf  -lcudadevrt -lcudart_static  -L"/usr/local/cuda-11.8/targets/x86_64-linux/lib/stubs" -L"/usr/local/cuda-11.8/targets/x86_64-linux/lib" -lcudadevrt -lcudart_static -lrt -lpthread -ldl
Using built-in specs.
COLLECT_GCC=/opt/rh/devtoolset-11/root/usr/bin/g++
COLLECT_LTO_WRAPPER=/opt/rh/devtoolset-11/root/usr/libexec/gcc/x86_64-redhat-linux/11/lto-wrapper
Target: x86_64-redhat-linux
Configured with: ../configure --enable-bootstrap --enable-languages=c,c++,fortran,lto --prefix=/opt/rh/devtoolset-11/root/usr --mandir=/opt/rh/devtoolset-11/root/usr/share/man --infodir=/opt/rh/devtoolset-11/root/usr/share/info --with-bugurl=http://bugzilla.redhat.com/bugzilla --enable-shared --enable-threads=posix --enable-checking=release --enable-multilib --with-system-zlib --enable-__cxa_atexit --disable-libunwind-exceptions --enable-gnu-unique-object --enable-linker-build-id --with-gcc-major-version-only --with-linker-hash-style=gnu --with-default-libstdcxx-abi=gcc4-compatible --enable-plugin --enable-initfini-array --with-isl=/builddir/build/BUILD/gcc-11.2.1-20220127/obj-x86_64-redhat-linux/isl-install --enable-gnu-indirect-function --with-tune=generic --with-arch_32=x86-64 --build=x86_64-redhat-linux
Thread model: posix
Supported LTO compression algorithms: zlib
gcc version 11.2.1 20220127 (Red Hat 11.2.1-9) (GCC) 
COMPILER_PATH=/opt/rh/devtoolset-11/root/usr/libexec/gcc/x86_64-redhat-linux/11/:/opt/rh/devtoolset-11/root/usr/libexec/gcc/x86_64-redhat-linux/11/:/opt/rh/devtoolset-11/root/usr/libexec/gcc/x86_64-redhat-linux/:/opt/rh/devtoolset-11/root/usr/lib/gcc/x86_64-redhat-linux/11/:/opt/rh/devtoolset-11/root/usr/lib/gcc/x86_64-redhat-linux/
LIBRARY_PATH=/opt/rh/devtoolset-11/root/usr/lib/gcc/x86_64-redhat-linux/11/:/opt/rh/devtoolset-11/root/usr/lib/gcc/x86_64-redhat-linux/11/../../../../lib64/:/lib/../lib64/:/usr/lib/../lib64/:/usr/local/openmpi/lib/:/usr/local/openmpi/lib/:./:/opt/rh/devtoolset-11/root/usr/lib/gcc/x86_64-redhat-linux/11/../../../:/lib/:/usr/lib/
COLLECT_GCC_OPTIONS='-v' '-o' 'cmTC_0bbaf' '-L/usr/local/cuda-11.8/targets/x86_64-linux/lib/stubs' '-L/usr/local/cuda-11.8/targets/x86_64-linux/lib' '-shared-libgcc' '-mtune=generic' '-march=x86-64' '-dumpdir' 'cmTC_0bbaf.'
 /opt/rh/devtoolset-11/root/usr/libexec/gcc/x86_64-redhat-linux/11/collect2 -plugin /opt/rh/devtoolset-11/root/usr/libexec/gcc/x86_64-redhat-linux/11/liblto_plugin.so -plugin-opt=/opt/rh/devtoolset-11/root/usr/libexec/gcc/x86_64-redhat-linux/11/lto-wrapper -plugin-opt=-fresolution=/tmp/ccqD3o4Y.res -plugin-opt=-pass-through=-lgcc_s -plugin-opt=-pass-through=-lgcc -plugin-opt=-pass-through=-lc -plugin-opt=-pass-through=-lgcc_s -plugin-opt=-pass-through=-lgcc --build-id --no-add-needed --eh-frame-hdr --hash-style=gnu -m elf_x86_64 -dynamic-linker /lib64/ld-linux-x86-64.so.2 -o cmTC_0bbaf /lib/../lib64/crt1.o /lib/../lib64/crti.o /opt/rh/devtoolset-11/root/usr/lib/gcc/x86_64-redhat-linux/11/crtbegin.o -L/usr/local/cuda-11.8/targets/x86_64-linux/lib/stubs -L/usr/local/cuda-11.8/targets/x86_64-linux/lib -L/opt/rh/devtoolset-11/root/usr/lib/gcc/x86_64-redhat-linux/11 -L/opt/rh/devtoolset-11/root/usr/lib/gcc/x86_64-redhat-linux/11/../../../../lib64 -L/lib/../lib64 -L/usr/lib/../lib64 -L/usr/local/openmpi/lib -L/usr/local/openmpi/lib -L. -L/opt/rh/devtoolset-11/root/usr/lib/gcc/x86_64-redhat-linux/11/../../.. CMakeFiles/cmTC_0bbaf.dir/CMakeCUDACompilerABI.cu.o -lcudadevrt -lcudart_static -lcudadevrt -lcudart_static -lrt -lpthread -ldl -lstdc++ -lm -lgcc_s -lgcc -lc -lgcc_s -lgcc /opt/rh/devtoolset-11/root/usr/lib/gcc/x86_64-redhat-linux/11/crtend.o /lib/../lib64/crtn.o
COLLECT_GCC_OPTIONS='-v' '-o' 'cmTC_0bbaf' '-L/usr/local/cuda-11.8/targets/x86_64-linux/lib/stubs' '-L/usr/local/cuda-11.8/targets/x86_64-linux/lib' '-shared-libgcc' '-mtune=generic' '-march=x86-64' '-dumpdir' 'cmTC_0bbaf.'
gmake[1]: Leaving directory `/home/mdnd/Hybrid_Generation_Clean_EXP/build/CMakeFiles/CMakeTmp'



Parsed CUDA implicit include dir info from above output: rv=done
  found start of include info
  found start of implicit include info
    add: [/usr/local/cuda-11.8/bin/../targets/x86_64-linux/include]
    add: [/usr/local/tbb/include]
    add: [.]
    add: [/opt/rh/devtoolset-11/root/usr/lib/gcc/x86_64-redhat-linux/11/../../../../include/c++/11]
    add: [/opt/rh/devtoolset-11/root/usr/lib/gcc/x86_64-redhat-linux/11/../../../../include/c++/11/x86_64-redhat-linux]
    add: [/opt/rh/devtoolset-11/root/usr/lib/gcc/x86_64-redhat-linux/11/../../../../include/c++/11/backward]
    add: [/opt/rh/devtoolset-11/root/usr/lib/gcc/x86_64-redhat-linux/11/include]
    add: [/usr/local/include]
    add: [/opt/rh/devtoolset-11/root/usr/include]
    add: [/usr/include]
  end of search list found
  collapse include dir [/usr/local/cuda-11.8/bin/../targets/x86_64-linux/include] ==> [/usr/local/cuda-11.8/targets/x86_64-linux/include]
  collapse include dir [/usr/local/tbb/include] ==> [/usr/local/tbb/include]
  skipping relative include dir [.]
  collapse include dir [/opt/rh/devtoolset-11/root/usr/lib/gcc/x86_64-redhat-linux/11/../../../../include/c++/11] ==> [/opt/rh/devtoolset-11/root/usr/include/c++/11]
  collapse include dir [/opt/rh/devtoolset-11/root/usr/lib/gcc/x86_64-redhat-linux/11/../../../../include/c++/11/x86_64-redhat-linux] ==> [/opt/rh/devtoolset-11/root/usr/include/c++/11/x86_64-redhat-linux]
  collapse include dir [/opt/rh/devtoolset-11/root/usr/lib/gcc/x86_64-redhat-linux/11/../../../../include/c++/11/backward] ==> [/opt/rh/devtoolset-11/root/usr/include/c++/11/backward]
  collapse include dir [/opt/rh/devtoolset-11/root/usr/lib/gcc/x86_64-redhat-linux/11/include] ==> [/opt/rh/devtoolset-11/root/usr/lib/gcc/x86_64-redhat-linux/11/include]
  collapse include dir [/usr/local/include] ==> [/usr/local/include]
  collapse include dir [/opt/rh/devtoolset-11/root/usr/include] ==> [/opt/rh/devtoolset-11/root/usr/include]
  collapse include dir [/usr/include] ==> [/usr/include]
  implicit include dirs: [/usr/local/cuda-11.8/targets/x86_64-linux/include;/usr/local/tbb/include;/opt/rh/devtoolset-11/root/usr/include/c++/11;/opt/rh/devtoolset-11/root/usr/include/c++/11/x86_64-redhat-linux;/opt/rh/devtoolset-11/root/usr/include/c++/11/backward;/opt/rh/devtoolset-11/root/usr/lib/gcc/x86_64-redhat-linux/11/include;/usr/local/include;/opt/rh/devtoolset-11/root/usr/include;/usr/include]


Parsed CUDA implicit link information from above output:
  link line regex: [^( *|.*[/\])(ld|CMAKE_LINK_STARTFILE-NOTFOUND|([^/\]+-)?ld|collect2)[^/\]*( |$)]
  ignore line: [Change Dir: /home/mdnd/Hybrid_Generation_Clean_EXP/build/CMakeFiles/CMakeTmp]
  ignore line: []
  ignore line: [Run Build Command(s):/usr/bin/gmake cmTC_0bbaf/fast && /usr/bin/gmake  -f CMakeFiles/cmTC_0bbaf.dir/build.make CMakeFiles/cmTC_0bbaf.dir/build]
  ignore line: [gmake[1]: Entering directory `/home/mdnd/Hybrid_Generation_Clean_EXP/build/CMakeFiles/CMakeTmp']
  ignore line: [Building CUDA object CMakeFiles/cmTC_0bbaf.dir/CMakeCUDACompilerABI.cu.o]
  ignore line: [/usr/local/cuda-11.8/bin/nvcc -forward-unknown-to-host-compiler   -Xcompiler=-v -x cu -c /usr/share/cmake3/Modules/CMakeCUDACompilerABI.cu -o CMakeFiles/cmTC_0bbaf.dir/CMakeCUDACompilerABI.cu.o]
  ignore line: [Using built-in specs.]
  ignore line: [COLLECT_GCC=gcc]
  ignore line: [Target: x86_64-redhat-linux]
  ignore line: [Configured with: ../configure --enable-bootstrap --enable-languages=c c++ fortran lto --prefix=/opt/rh/devtoolset-11/root/usr --mandir=/opt/rh/devtoolset-11/root/usr/share/man --infodir=/opt/rh/devtoolset-11/root/usr/share/info --with-bugurl=http://bugzilla.redhat.com/bugzilla --enable-shared --enable-threads=posix --enable-checking=release --enable-multilib --with-system-zlib --enable-__cxa_atexit --disable-libunwind-exceptions --enable-gnu-unique-object --enable-linker-build-id --with-gcc-major-version-only --with-linker-hash-style=gnu --with-default-libstdcxx-abi=gcc4-compatible --enable-plugin --enable-initfini-array --with-isl=/builddir/build/BUILD/gcc-11.2.1-20220127/obj-x86_64-redhat-linux/isl-install --enable-gnu-indirect-function --with-tune=generic --with-arch_32=x86-64 --build=x86_64-redhat-linux]
  ignore line: [Thread model: posix]
  ignore line: [Supported LTO compression algorithms: zlib]
  ignore line: [gcc version 11.2.1 20220127 (Red Hat 11.2.1-9) (GCC) ]
  ignore line: [COLLECT_GCC_OPTIONS='-D' '__CUDA_ARCH__=520' '-D' '__CUDA_ARCH_LIST__=520' '-E' '-D' 'CUDA_DOUBLE_MATH_FUNCTIONS' '-D' '__CUDACC__' '-D' '__NVCC__' '-v' '-I' '/usr/local/cuda-11.8/bin/../targets/x86_64-linux/include' '-D' '__CUDACC_VER_MAJOR__=11' '-D' '__CUDACC_VER_MINOR__=8' '-D' '__CUDACC_VER_BUILD__=89' '-D' '__CUDA_API_VER_MAJOR__=11' '-D' '__CUDA_API_VER_MINOR__=8' '-D' '__NVCC_DIAG_PRAGMA_SUPPORT__=1' '-include' 'cuda_runtime.h' '-m64' '-o' '/tmp/tmpxft_0000141d_00000000-7_CMakeCUDACompilerABI.cpp1.ii' '-mtune=generic' '-march=x86-64' '-dumpdir' '/tmp/']
  ignore line: [ /opt/rh/devtoolset-11/root/usr/libexec/gcc/x86_64-redhat-linux/11/cc1plus -E -quiet -v -I /usr/local/cuda-11.8/bin/../targets/x86_64-linux/include -D_GNU_SOURCE -D __CUDA_ARCH__=520 -D __CUDA_ARCH_LIST__=520 -D CUDA_DOUBLE_MATH_FUNCTIONS -D __CUDACC__ -D __NVCC__ -D __CUDACC_VER_MAJOR__=11 -D __CUDACC_VER_MINOR__=8 -D __CUDACC_VER_BUILD__=89 -D __CUDA_API_VER_MAJOR__=11 -D __CUDA_API_VER_MINOR__=8 -D __NVCC_DIAG_PRAGMA_SUPPORT__=1 -include cuda_runtime.h /usr/share/cmake3/Modules/CMakeCUDACompilerABI.cu -o /tmp/tmpxft_0000141d_00000000-7_CMakeCUDACompilerABI.cpp1.ii -m64 -mtune=generic -march=x86-64 -dumpdir /tmp/ -dumpbase tmpxft_0000141d_00000000-7_CMakeCUDACompilerABI.cpp1.cu -dumpbase-ext .cu]
  ignore line: [ignoring duplicate directory "/usr/local/tbb/include"]
  ignore line: [ignoring nonexistent directory "/opt/rh/devtoolset-11/root/usr/lib/gcc/x86_64-redhat-linux/11/include-fixed"]
  ignore line: [ignoring nonexistent directory "/opt/rh/devtoolset-11/root/usr/lib/gcc/x86_64-redhat-linux/11/../../../../x86_64-redhat-linux/include"]
  ignore line: [#include "..." search starts here:]
  ignore line: [#include <...> search starts here:]
  ignore line: [ /usr/local/cuda-11.8/bin/../targets/x86_64-linux/include]
  ignore line: [ /usr/local/tbb/include]
  ignore line: [ .]
  ignore line: [ /opt/rh/devtoolset-11/root/usr/lib/gcc/x86_64-redhat-linux/11/../../../../include/c++/11]
  ignore line: [ /opt/rh/devtoolset-11/root/usr/lib/gcc/x86_64-redhat-linux/11/../../../../include/c++/11/x86_64-redhat-linux]
  ignore line: [ /opt/rh/devtoolset-11/root/usr/lib/gcc/x86_64-redhat-linux/11/../../../../include/c++/11/backward]
  ignore line: [ /opt/rh/devtoolset-11/root/usr/lib/gcc/x86_64-redhat-linux/11/include]
  ignore line: [ /usr/local/include]
  ignore line: [ /opt/rh/devtoolset-11/root/usr/include]
  ignore line: [ /usr/include]
  ignore line: [End of search list.]
  ignore line: [COMPILER_PATH=/opt/rh/devtoolset-11/root/usr/libexec/gcc/x86_64-redhat-linux/11/:/opt/rh/devtoolset-11/root/usr/libexec/gcc/x86_64-redhat-linux/11/:/opt/rh/devtoolset-11/root/usr/libexec/gcc/x86_64-redhat-linux/:/opt/rh/devtoolset-11/root/usr/lib/gcc/x86_64-redhat-linux/11/:/opt/rh/devtoolset-11/root/usr/lib/gcc/x86_64-redhat-linux/]
  ignore line: [LIBRARY_PATH=/opt/rh/devtoolset-11/root/usr/lib/gcc/x86_64-redhat-linux/11/:/opt/rh/devtoolset-11/root/usr/lib/gcc/x86_64-redhat-linux/11/../../../../lib64/:/lib/../lib64/:/usr/lib/../lib64/:/usr/local/openmpi/lib/:/usr/local/openmpi/lib/:./:/opt/rh/devtoolset-11/root/usr/lib/gcc/x86_64-redhat-linux/11/../../../:/lib/:/usr/lib/]
  ignore line: [COLLECT_GCC_OPTIONS='-D' '__CUDA_ARCH__=520' '-D' '__CUDA_ARCH_LIST__=520' '-E' '-D' 'CUDA_DOUBLE_MATH_FUNCTIONS' '-D' '__CUDACC__' '-D' '__NVCC__' '-v' '-I' '/usr/local/cuda-11.8/bin/../targets/x86_64-linux/include' '-D' '__CUDACC_VER_MAJOR__=11' '-D' '__CUDACC_VER_MINOR__=8' '-D' '__CUDACC_VER_BUILD__=89' '-D' '__CUDA_API_VER_MAJOR__=11' '-D' '__CUDA_API_VER_MINOR__=8' '-D' '__NVCC_DIAG_PRAGMA_SUPPORT__=1' '-include' 'cuda_runtime.h' '-m64' '-o' '/tmp/tmpxft_0000141d_00000000-7_CMakeCUDACompilerABI.cpp1.ii' '-mtune=generic' '-march=x86-64' '-dumpdir' '/tmp/tmpxft_0000141d_00000000-7_CMakeCUDACompilerABI.cpp1.']
  ignore line: [Using built-in specs.]
  ignore line: [COLLECT_GCC=gcc]
  ignore line: [Target: x86_64-redhat-linux]
  ignore line: [Configured with: ../configure --enable-bootstrap --enable-languages=c c++ fortran lto --prefix=/opt/rh/devtoolset-11/root/usr --mandir=/opt/rh/devtoolset-11/root/usr/share/man --infodir=/opt/rh/devtoolset-11/root/usr/share/info --with-bugurl=http://bugzilla.redhat.com/bugzilla --enable-shared --enable-threads=posix --enable-checking=release --enable-multilib --with-system-zlib --enable-__cxa_atexit --disable-libunwind-exceptions --enable-gnu-unique-object --enable-linker-build-id --with-gcc-major-version-only --with-linker-hash-style=gnu --with-default-libstdcxx-abi=gcc4-compatible --enable-plugin --enable-initfini-array --with-isl=/builddir/build/BUILD/gcc-11.2.1-20220127/obj-x86_64-redhat-linux/isl-install --enable-gnu-indirect-function --with-tune=generic --with-arch_32=x86-64 --build=x86_64-redhat-linux]
  ignore line: [Thread model: posix]
  ignore line: [Supported LTO compression algorithms: zlib]
  ignore line: [gcc version 11.2.1 20220127 (Red Hat 11.2.1-9) (GCC) ]
  ignore line: [COLLECT_GCC_OPTIONS='-D' '__CUDA_ARCH_LIST__=520' '-E' '-D' '__CUDACC__' '-D' '__NVCC__' '-v' '-I' '/usr/local/cuda-11.8/bin/../targets/x86_64-linux/include' '-D' '__CUDACC_VER_MAJOR__=11' '-D' '__CUDACC_VER_MINOR__=8' '-D' '__CUDACC_VER_BUILD__=89' '-D' '__CUDA_API_VER_MAJOR__=11' '-D' '__CUDA_API_VER_MINOR__=8' '-D' '__NVCC_DIAG_PRAGMA_SUPPORT__=1' '-include' 'cuda_runtime.h' '-m64' '-o' '/tmp/tmpxft_0000141d_00000000-5_CMakeCUDACompilerABI.cpp4.ii' '-mtune=generic' '-march=x86-64' '-dumpdir' '/tmp/']
  ignore line: [ /opt/rh/devtoolset-11/root/usr/libexec/gcc/x86_64-redhat-linux/11/cc1plus -E -quiet -v -I /usr/local/cuda-11.8/bin/../targets/x86_64-linux/include -D_GNU_SOURCE -D __CUDA_ARCH_LIST__=520 -D __CUDACC__ -D __NVCC__ -D __CUDACC_VER_MAJOR__=11 -D __CUDACC_VER_MINOR__=8 -D __CUDACC_VER_BUILD__=89 -D __CUDA_API_VER_MAJOR__=11 -D __CUDA_API_VER_MINOR__=8 -D __NVCC_DIAG_PRAGMA_SUPPORT__=1 -include cuda_runtime.h /usr/share/cmake3/Modules/CMakeCUDACompilerABI.cu -o /tmp/tmpxft_0000141d_00000000-5_CMakeCUDACompilerABI.cpp4.ii -m64 -mtune=generic -march=x86-64 -dumpdir /tmp/ -dumpbase tmpxft_0000141d_00000000-5_CMakeCUDACompilerABI.cpp4.cu -dumpbase-ext .cu]
  ignore line: [ignoring duplicate directory "/usr/local/tbb/include"]
  ignore line: [ignoring nonexistent directory "/opt/rh/devtoolset-11/root/usr/lib/gcc/x86_64-redhat-linux/11/include-fixed"]
  ignore line: [ignoring nonexistent directory "/opt/rh/devtoolset-11/root/usr/lib/gcc/x86_64-redhat-linux/11/../../../../x86_64-redhat-linux/include"]
  ignore line: [#include "..." search starts here:]
  ignore line: [#include <...> search starts here:]
  ignore line: [ /usr/local/cuda-11.8/bin/../targets/x86_64-linux/include]
  ignore line: [ /usr/local/tbb/include]
  ignore line: [ .]
  ignore line: [ /opt/rh/devtoolset-11/root/usr/lib/gcc/x86_64-redhat-linux/11/../../../../include/c++/11]
  ignore line: [ /opt/rh/devtoolset-11/root/usr/lib/gcc/x86_64-redhat-linux/11/../../../../include/c++/11/x86_64-redhat-linux]
  ignore line: [ /opt/rh/devtoolset-11/root/usr/lib/gcc/x86_64-redhat-linux/11/../../../../include/c++/11/backward]
  ignore line: [ /opt/rh/devtoolset-11/root/usr/lib/gcc/x86_64-redhat-linux/11/include]
  ignore line: [ /usr/local/include]
  ignore line: [ /opt/rh/devtoolset-11/root/usr/include]
  ignore line: [ /usr/include]
  ignore line: [End of search list.]
  ignore line: [COMPILER_PATH=/opt/rh/devtoolset-11/root/usr/libexec/gcc/x86_64-redhat-linux/11/:/opt/rh/devtoolset-11/root/usr/libexec/gcc/x86_64-redhat-linux/11/:/opt/rh/devtoolset-11/root/usr/libexec/gcc/x86_64-redhat-linux/:/opt/rh/devtoolset-11/root/usr/lib/gcc/x86_64-redhat-linux/11/:/opt/rh/devtoolset-11/root/usr/lib/gcc/x86_64-redhat-linux/]
  ignore line: [LIBRARY_PATH=/opt/rh/devtoolset-11/root/usr/lib/gcc/x86_64-redhat-linux/11/:/opt/rh/devtoolset-11/root/usr/lib/gcc/x86_64-redhat-linux/11/../../../../lib64/:/lib/../lib64/:/usr/lib/../lib64/:/usr/local/openmpi/lib/:/usr/local/openmpi/lib/:./:/opt/rh/devtoolset-11/root/usr/lib/gcc/x86_64-redhat-linux/11/../../../:/lib/:/usr/lib/]
  ignore line: [COLLECT_GCC_OPTIONS='-D' '__CUDA_ARCH_LIST__=520' '-E' '-D' '__CUDACC__' '-D' '__NVCC__' '-v' '-I' '/usr/local/cuda-11.8/bin/../targets/x86_64-linux/include' '-D' '__CUDACC_VER_MAJOR__=11' '-D' '__CUDACC_VER_MINOR__=8' '-D' '__CUDACC_VER_BUILD__=89' '-D' '__CUDA_API_VER_MAJOR__=11' '-D' '__CUDA_API_VER_MINOR__=8' '-D' '__NVCC_DIAG_PRAGMA_SUPPORT__=1' '-include' 'cuda_runtime.h' '-m64' '-o' '/tmp/tmpxft_0000141d_00000000-5_CMakeCUDACompilerABI.cpp4.ii' '-mtune=generic' '-march=x86-64' '-dumpdir' '/tmp/tmpxft_0000141d_00000000-5_CMakeCUDACompilerABI.cpp4.']
  ignore line: [Using built-in specs.]
  ignore line: [COLLECT_GCC=gcc]
  ignore line: [Target: x86_64-redhat-linux]
  ignore line: [Configured with: ../configure --enable-bootstrap --enable-languages=c c++ fortran lto --prefix=/opt/rh/devtoolset-11/root/usr --mandir=/opt/rh/devtoolset-11/root/usr/share/man --infodir=/opt/rh/devtoolset-11/root/usr/share/info --with-bugurl=http://bugzilla.redhat.com/bugzilla --enable-shared --enable-threads=posix --enable-checking=release --enable-multilib --with-system-zlib --enable-__cxa_atexit --disable-libunwind-exceptions --enable-gnu-unique-object --enable-linker-build-id --with-gcc-major-version-only --with-linker-hash-style=gnu --with-default-libstdcxx-abi=gcc4-compatible --enable-plugin --enable-initfini-array --with-isl=/builddir/build/BUILD/gcc-11.2.1-20220127/obj-x86_64-redhat-linux/isl-install --enable-gnu-indirect-function --with-tune=generic --with-arch_32=x86-64 --build=x86_64-redhat-linux]
  ignore line: [Thread model: posix]
  ignore line: [Supported LTO compression algorithms: zlib]
  ignore line: [gcc version 11.2.1 20220127 (Red Hat 11.2.1-9) (GCC) ]
  ignore line: [COLLECT_GCC_OPTIONS='-D' '__CUDA_ARCH__=520' '-D' '__CUDA_ARCH_LIST__=520' '-c' '-D' 'CUDA_DOUBLE_MATH_FUNCTIONS' '-v' '-I' '/usr/local/cuda-11.8/bin/../targets/x86_64-linux/include' '-m64' '-o' 'CMakeFiles/cmTC_0bbaf.dir/CMakeCUDACompilerABI.cu.o' '-mtune=generic' '-march=x86-64' '-dumpdir' 'CMakeFiles/cmTC_0bbaf.dir/']
  ignore line: [ /opt/rh/devtoolset-11/root/usr/libexec/gcc/x86_64-redhat-linux/11/cc1plus -quiet -v -I /usr/local/cuda-11.8/bin/../targets/x86_64-linux/include -D_GNU_SOURCE -D __CUDA_ARCH__=520 -D __CUDA_ARCH_LIST__=520 -D CUDA_DOUBLE_MATH_FUNCTIONS /tmp/tmpxft_0000141d_00000000-6_CMakeCUDACompilerABI.cudafe1.cpp -quiet -dumpdir CMakeFiles/cmTC_0bbaf.dir/ -dumpbase CMakeCUDACompilerABI.cu.cpp -dumpbase-ext .cpp -m64 -mtune=generic -march=x86-64 -version -o /tmp/cc5l55cI.s]
  ignore line: [GNU C++17 (GCC) version 11.2.1 20220127 (Red Hat 11.2.1-9) (x86_64-redhat-linux)]
  ignore line: [	compiled by GNU C version 11.2.1 20220127 (Red Hat 11.2.1-9)  GMP version 6.0.0  MPFR version 3.1.1  MPC version 1.0.1  isl version isl-0.18-GMP]
  ignore line: []
  ignore line: [GGC heuristics: --param ggc-min-expand=100 --param ggc-min-heapsize=131072]
  ignore line: [ignoring duplicate directory "/usr/local/tbb/include"]
  ignore line: [ignoring nonexistent directory "/opt/rh/devtoolset-11/root/usr/lib/gcc/x86_64-redhat-linux/11/include-fixed"]
  ignore line: [ignoring nonexistent directory "/opt/rh/devtoolset-11/root/usr/lib/gcc/x86_64-redhat-linux/11/../../../../x86_64-redhat-linux/include"]
  ignore line: [#include "..." search starts here:]
  ignore line: [#include <...> search starts here:]
  ignore line: [ /usr/local/cuda-11.8/bin/../targets/x86_64-linux/include]
  ignore line: [ /usr/local/tbb/include]
  ignore line: [ .]
  ignore line: [ /opt/rh/devtoolset-11/root/usr/lib/gcc/x86_64-redhat-linux/11/../../../../include/c++/11]
  ignore line: [ /opt/rh/devtoolset-11/root/usr/lib/gcc/x86_64-redhat-linux/11/../../../../include/c++/11/x86_64-redhat-linux]
  ignore line: [ /opt/rh/devtoolset-11/root/usr/lib/gcc/x86_64-redhat-linux/11/../../../../include/c++/11/backward]
  ignore line: [ /opt/rh/devtoolset-11/root/usr/lib/gcc/x86_64-redhat-linux/11/include]
  ignore line: [ /usr/local/include]
  ignore line: [ /opt/rh/devtoolset-11/root/usr/include]
  ignore line: [ /usr/include]
  ignore line: [End of search list.]
  ignore line: [GNU C++17 (GCC) version 11.2.1 20220127 (Red Hat 11.2.1-9) (x86_64-redhat-linux)]
  ignore line: [	compiled by GNU C version 11.2.1 20220127 (Red Hat 11.2.1-9)  GMP version 6.0.0  MPFR version 3.1.1  MPC version 1.0.1  isl version isl-0.18-GMP]
  ignore line: []
  ignore line: [GGC heuristics: --param ggc-min-expand=100 --param ggc-min-heapsize=131072]
  ignore line: [Compiler executable checksum: 4d912b14bce339cc8a41b2b0d103bc14]
  ignore line: [COLLECT_GCC_OPTIONS='-D' '__CUDA_ARCH__=520' '-D' '__CUDA_ARCH_LIST__=520' '-c' '-D' 'CUDA_DOUBLE_MATH_FUNCTIONS' '-v' '-I' '/usr/local/cuda-11.8/bin/../targets/x86_64-linux/include' '-m64' '-o' 'CMakeFiles/cmTC_0bbaf.dir/CMakeCUDACompilerABI.cu.o' '-mtune=generic' '-march=x86-64' '-dumpdir' 'CMakeFiles/cmTC_0bbaf.dir/']
  ignore line: [ /opt/rh/devtoolset-11/root/usr/libexec/gcc/x86_64-redhat-linux/11/as -v -I /usr/local/cuda-11.8/bin/../targets/x86_64-linux/include --64 -o CMakeFiles/cmTC_0bbaf.dir/CMakeCUDACompilerABI.cu.o /tmp/cc5l55cI.s]
  ignore line: [GNU assembler version 2.36.1 (x86_64-redhat-linux) using BFD version version 2.36.1-1.el7.2]
  ignore line: [COMPILER_PATH=/opt/rh/devtoolset-11/root/usr/libexec/gcc/x86_64-redhat-linux/11/:/opt/rh/devtoolset-11/root/usr/libexec/gcc/x86_64-redhat-linux/11/:/opt/rh/devtoolset-11/root/usr/libexec/gcc/x86_64-redhat-linux/:/opt/rh/devtoolset-11/root/usr/lib/gcc/x86_64-redhat-linux/11/:/opt/rh/devtoolset-11/root/usr/lib/gcc/x86_64-redhat-linux/]
  ignore line: [LIBRARY_PATH=/opt/rh/devtoolset-11/root/usr/lib/gcc/x86_64-redhat-linux/11/:/opt/rh/devtoolset-11/root/usr/lib/gcc/x86_64-redhat-linux/11/../../../../lib64/:/lib/../lib64/:/usr/lib/../lib64/:/usr/local/openmpi/lib/:/usr/local/openmpi/lib/:./:/opt/rh/devtoolset-11/root/usr/lib/gcc/x86_64-redhat-linux/11/../../../:/lib/:/usr/lib/]
  ignore line: [COLLECT_GCC_OPTIONS='-D' '__CUDA_ARCH__=520' '-D' '__CUDA_ARCH_LIST__=520' '-c' '-D' 'CUDA_DOUBLE_MATH_FUNCTIONS' '-v' '-I' '/usr/local/cuda-11.8/bin/../targets/x86_64-linux/include' '-m64' '-o' 'CMakeFiles/cmTC_0bbaf.dir/CMakeCUDACompilerABI.cu.o' '-mtune=generic' '-march=x86-64' '-dumpdir' 'CMakeFiles/cmTC_0bbaf.dir/CMakeCUDACompilerABI.cu.']
  ignore line: [Linking CUDA executable cmTC_0bbaf]
  ignore line: [/usr/bin/cmake3 -E cmake_link_script CMakeFiles/cmTC_0bbaf.dir/link.txt --verbose=1]
  ignore line: [/opt/rh/devtoolset-11/root/usr/bin/g++  -v CMakeFiles/cmTC_0bbaf.dir/CMakeCUDACompilerABI.cu.o -o cmTC_0bbaf  -lcudadevrt -lcudart_static  -L"/usr/local/cuda-11.8/targets/x86_64-linux/lib/stubs" -L"/usr/local/cuda-11.8/targets/x86_64-linux/lib" -lcudadevrt -lcudart_static -lrt -lpthread -ldl]
  ignore line: [Using built-in specs.]
  ignore line: [COLLECT_GCC=/opt/rh/devtoolset-11/root/usr/bin/g++]
  ignore line: [COLLECT_LTO_WRAPPER=/opt/rh/devtoolset-11/root/usr/libexec/gcc/x86_64-redhat-linux/11/lto-wrapper]
  ignore line: [Target: x86_64-redhat-linux]
  ignore line: [Configured with: ../configure --enable-bootstrap --enable-languages=c c++ fortran lto --prefix=/opt/rh/devtoolset-11/root/usr --mandir=/opt/rh/devtoolset-11/root/usr/share/man --infodir=/opt/rh/devtoolset-11/root/usr/share/info --with-bugurl=http://bugzilla.redhat.com/bugzilla --enable-shared --enable-threads=posix --enable-checking=release --enable-multilib --with-system-zlib --enable-__cxa_atexit --disable-libunwind-exceptions --enable-gnu-unique-object --enable-linker-build-id --with-gcc-major-version-only --with-linker-hash-style=gnu --with-default-libstdcxx-abi=gcc4-compatible --enable-plugin --enable-initfini-array --with-isl=/builddir/build/BUILD/gcc-11.2.1-20220127/obj-x86_64-redhat-linux/isl-install --enable-gnu-indirect-function --with-tune=generic --with-arch_32=x86-64 --build=x86_64-redhat-linux]
  ignore line: [Thread model: posix]
  ignore line: [Supported LTO compression algorithms: zlib]
  ignore line: [gcc version 11.2.1 20220127 (Red Hat 11.2.1-9) (GCC) ]
  ignore line: [COMPILER_PATH=/opt/rh/devtoolset-11/root/usr/libexec/gcc/x86_64-redhat-linux/11/:/opt/rh/devtoolset-11/root/usr/libexec/gcc/x86_64-redhat-linux/11/:/opt/rh/devtoolset-11/root/usr/libexec/gcc/x86_64-redhat-linux/:/opt/rh/devtoolset-11/root/usr/lib/gcc/x86_64-redhat-linux/11/:/opt/rh/devtoolset-11/root/usr/lib/gcc/x86_64-redhat-linux/]
  ignore line: [LIBRARY_PATH=/opt/rh/devtoolset-11/root/usr/lib/gcc/x86_64-redhat-linux/11/:/opt/rh/devtoolset-11/root/usr/lib/gcc/x86_64-redhat-linux/11/../../../../lib64/:/lib/../lib64/:/usr/lib/../lib64/:/usr/local/openmpi/lib/:/usr/local/openmpi/lib/:./:/opt/rh/devtoolset-11/root/usr/lib/gcc/x86_64-redhat-linux/11/../../../:/lib/:/usr/lib/]
  ignore line: [COLLECT_GCC_OPTIONS='-v' '-o' 'cmTC_0bbaf' '-L/usr/local/cuda-11.8/targets/x86_64-linux/lib/stubs' '-L/usr/local/cuda-11.8/targets/x86_64-linux/lib' '-shared-libgcc' '-mtune=generic' '-march=x86-64' '-dumpdir' 'cmTC_0bbaf.']
  link line: [ /opt/rh/devtoolset-11/root/usr/libexec/gcc/x86_64-redhat-linux/11/collect2 -plugin /opt/rh/devtoolset-11/root/usr/libexec/gcc/x86_64-redhat-linux/11/liblto_plugin.so -plugin-opt=/opt/rh/devtoolset-11/root/usr/libexec/gcc/x86_64-redhat-linux/11/lto-wrapper -plugin-opt=-fresolution=/tmp/ccqD3o4Y.res -plugin-opt=-pass-through=-lgcc_s -plugin-opt=-pass-through=-lgcc -plugin-opt=-pass-through=-lc -plugin-opt=-pass-through=-lgcc_s -plugin-opt=-pass-through=-lgcc --build-id --no-add-needed --eh-frame-hdr --hash-style=gnu -m elf_x86_64 -dynamic-linker /lib64/ld-linux-x86-64.so.2 -o cmTC_0bbaf /lib/../lib64/crt1.o /lib/../lib64/crti.o /opt/rh/devtoolset-11/root/usr/lib/gcc/x86_64-redhat-linux/11/crtbegin.o -L/usr/local/cuda-11.8/targets/x86_64-linux/lib/stubs -L/usr/local/cuda-11.8/targets/x86_64-linux/lib -L/opt/rh/devtoolset-11/root/usr/lib/gcc/x86_64-redhat-linux/11 -L/opt/rh/devtoolset-11/root/usr/lib/gcc/x86_64-redhat-linux/11/../../../../lib64 -L/lib/../lib64 -L/usr/lib/../lib64 -L/usr/local/openmpi/lib -L/usr/local/openmpi/lib -L. -L/opt/rh/devtoolset-11/root/usr/lib/gcc/x86_64-redhat-linux/11/../../.. CMakeFiles/cmTC_0bbaf.dir/CMakeCUDACompilerABI.cu.o -lcudadevrt -lcudart_static -lcudadevrt -lcudart_static -lrt -lpthread -ldl -lstdc++ -lm -lgcc_s -lgcc -lc -lgcc_s -lgcc /opt/rh/devtoolset-11/root/usr/lib/gcc/x86_64-redhat-linux/11/crtend.o /lib/../lib64/crtn.o]
    arg [/opt/rh/devtoolset-11/root/usr/libexec/gcc/x86_64-redhat-linux/11/collect2] ==> ignore
    arg [-plugin] ==> ignore
    arg [/opt/rh/devtoolset-11/root/usr/libexec/gcc/x86_64-redhat-linux/11/liblto_plugin.so] ==> ignore
    arg [-plugin-opt=/opt/rh/devtoolset-11/root/usr/libexec/gcc/x86_64-redhat-linux/11/lto-wrapper] ==> ignore
    arg [-plugin-opt=-fresolution=/tmp/ccqD3o4Y.res] ==> ignore
    arg [-plugin-opt=-pass-through=-lgcc_s] ==> ignore
    arg [-plugin-opt=-pass-through=-lgcc] ==> ignore
    arg [-plugin-opt=-pass-through=-lc] ==> ignore
    arg [-plugin-opt=-pass-through=-lgcc_s] ==> ignore
    arg [-plugin-opt=-pass-through=-lgcc] ==> ignore
    arg [--build-id] ==> ignore
    arg [--no-add-needed] ==> ignore
    arg [--eh-frame-hdr] ==> ignore
    arg [--hash-style=gnu] ==> ignore
    arg [-m] ==> ignore
    arg [elf_x86_64] ==> ignore
    arg [-dynamic-linker] ==> ignore
    arg [/lib64/ld-linux-x86-64.so.2] ==> ignore
    arg [-o] ==> ignore
    arg [cmTC_0bbaf] ==> ignore
    arg [/lib/../lib64/crt1.o] ==> ignore
    arg [/lib/../lib64/crti.o] ==> ignore
    arg [/opt/rh/devtoolset-11/root/usr/lib/gcc/x86_64-redhat-linux/11/crtbegin.o] ==> ignore
    arg [-L/usr/local/cuda-11.8/targets/x86_64-linux/lib/stubs] ==> dir [/usr/local/cuda-11.8/targets/x86_64-linux/lib/stubs]
    arg [-L/usr/local/cuda-11.8/targets/x86_64-linux/lib] ==> dir [/usr/local/cuda-11.8/targets/x86_64-linux/lib]
    arg [-L/opt/rh/devtoolset-11/root/usr/lib/gcc/x86_64-redhat-linux/11] ==> dir [/opt/rh/devtoolset-11/root/usr/lib/gcc/x86_64-redhat-linux/11]
    arg [-L/opt/rh/devtoolset-11/root/usr/lib/gcc/x86_64-redhat-linux/11/../../../../lib64] ==> dir [/opt/rh/devtoolset-11/root/usr/lib/gcc/x86_64-redhat-linux/11/../../../../lib64]
    arg [-L/lib/../lib64] ==> dir [/lib/../lib64]
    arg [-L/usr/lib/../lib64] ==> dir [/usr/lib/../lib64]
    arg [-L/usr/local/openmpi/lib] ==> dir [/usr/local/openmpi/lib]
    arg [-L/usr/local/openmpi/lib] ==> dir [/usr/local/openmpi/lib]
    arg [-L.] ==> ignore
    arg [-L/opt/rh/devtoolset-11/root/usr/lib/gcc/x86_64-redhat-linux/11/../../..] ==> dir [/opt/rh/devtoolset-11/root/usr/lib/gcc/x86_64-redhat-linux/11/../../..]
    arg [CMakeFiles/cmTC_0bbaf.dir/CMakeCUDACompilerABI.cu.o] ==> ignore
    arg [-lcudadevrt] ==> lib [cudadevrt]
    arg [-lcudart_static] ==> lib [cudart_static]
    arg [-lcudadevrt] ==> lib [cudadevrt]
    arg [-lcudart_static] ==> lib [cudart_static]
    arg [-lrt] ==> lib [rt]
    arg [-lpthread] ==> lib [pthread]
    arg [-ldl] ==> lib [dl]
    arg [-lstdc++] ==> lib [stdc++]
    arg [-lm] ==> lib [m]
    arg [-lgcc_s] ==> lib [gcc_s]
    arg [-lgcc] ==> lib [gcc]
    arg [-lc] ==> lib [c]
    arg [-lgcc_s] ==> lib [gcc_s]
    arg [-lgcc] ==> lib [gcc]
    arg [/opt/rh/devtoolset-11/root/usr/lib/gcc/x86_64-redhat-linux/11/crtend.o] ==> ignore
    arg [/lib/../lib64/crtn.o] ==> ignore
  collapse library dir [/usr/local/cuda-11.8/targets/x86_64-linux/lib/stubs] ==> [/usr/local/cuda-11.8/targets/x86_64-linux/lib/stubs]
  collapse library dir [/usr/local/cuda-11.8/targets/x86_64-linux/lib] ==> [/usr/local/cuda-11.8/targets/x86_64-linux/lib]
  collapse library dir [/opt/rh/devtoolset-11/root/usr/lib/gcc/x86_64-redhat-linux/11] ==> [/opt/rh/devtoolset-11/root/usr/lib/gcc/x86_64-redhat-linux/11]
  collapse library dir [/opt/rh/devtoolset-11/root/usr/lib/gcc/x86_64-redhat-linux/11/../../../../lib64] ==> [/opt/rh/devtoolset-11/root/usr/lib64]
  collapse library dir [/lib/../lib64] ==> [/lib64]
  collapse library dir [/usr/lib/../lib64] ==> [/usr/lib64]
  collapse library dir [/usr/local/openmpi/lib] ==> [/usr/local/openmpi/lib]
  collapse library dir [/usr/local/openmpi/lib] ==> [/usr/local/openmpi/lib]
  collapse library dir [/opt/rh/devtoolset-11/root/usr/lib/gcc/x86_64-redhat-linux/11/../../..] ==> [/opt/rh/devtoolset-11/root/usr/lib]
  implicit libs: [cudadevrt;cudart_static;cudadevrt;cudart_static;rt;pthread;dl;stdc++;m;gcc_s;gcc;c;gcc_s;gcc]
  implicit dirs: [/usr/local/cuda-11.8/targets/x86_64-linux/lib/stubs;/usr/local/cuda-11.8/targets/x86_64-linux/lib;/opt/rh/devtoolset-11/root/usr/lib/gcc/x86_64-redhat-linux/11;/opt/rh/devtoolset-11/root/usr/lib64;/lib64;/usr/lib64;/usr/local/openmpi/lib;/opt/rh/devtoolset-11/root/usr/lib]
  implicit fwks: []


Determining if the include file pthread.h exists passed with the following output:
Change Dir: /home/mdnd/Hybrid_Generation_Clean_EXP/build/CMakeFiles/CMakeTmp

Run Build Command(s):/usr/bin/gmake cmTC_b7f7e/fast && /usr/bin/gmake  -f CMakeFiles/cmTC_b7f7e.dir/build.make CMakeFiles/cmTC_b7f7e.dir/build
gmake[1]: Entering directory `/home/mdnd/Hybrid_Generation_Clean_EXP/build/CMakeFiles/CMakeTmp'
Building CXX object CMakeFiles/cmTC_b7f7e.dir/CheckIncludeFile.cxx.o
/opt/rh/devtoolset-11/root/usr/bin/c++     -o CMakeFiles/cmTC_b7f7e.dir/CheckIncludeFile.cxx.o -c /home/mdnd/Hybrid_Generation_Clean_EXP/build/CMakeFiles/CMakeTmp/CheckIncludeFile.cxx
Linking CXX executable cmTC_b7f7e
/usr/bin/cmake3 -E cmake_link_script CMakeFiles/cmTC_b7f7e.dir/link.txt --verbose=1
/opt/rh/devtoolset-11/root/usr/bin/c++       CMakeFiles/cmTC_b7f7e.dir/CheckIncludeFile.cxx.o  -o cmTC_b7f7e 
gmake[1]: Leaving directory `/home/mdnd/Hybrid_Generation_Clean_EXP/build/CMakeFiles/CMakeTmp'



Determining if the function pthread_create exists in the pthread passed with the following output:
Change Dir: /home/mdnd/Hybrid_Generation_Clean_EXP/build/CMakeFiles/CMakeTmp

Run Build Command(s):/usr/bin/gmake cmTC_6244d/fast && /usr/bin/gmake  -f CMakeFiles/cmTC_6244d.dir/build.make CMakeFiles/cmTC_6244d.dir/build
gmake[1]: Entering directory `/home/mdnd/Hybrid_Generation_Clean_EXP/build/CMakeFiles/CMakeTmp'
Building CXX object CMakeFiles/cmTC_6244d.dir/CheckFunctionExists.cxx.o
/opt/rh/devtoolset-11/root/usr/bin/c++    -DCHECK_FUNCTION_EXISTS=pthread_create   -o CMakeFiles/cmTC_6244d.dir/CheckFunctionExists.cxx.o -c /home/mdnd/Hybrid_Generation_Clean_EXP/build/CMakeFiles/CheckLibraryExists/CheckFunctionExists.cxx
Linking CXX executable cmTC_6244d
/usr/bin/cmake3 -E cmake_link_script CMakeFiles/cmTC_6244d.dir/link.txt --verbose=1
/opt/rh/devtoolset-11/root/usr/bin/c++   -DCHECK_FUNCTION_EXISTS=pthread_create    CMakeFiles/cmTC_6244d.dir/CheckFunctionExists.cxx.o  -o cmTC_6244d  -lpthread 
gmake[1]: Leaving directory `/home/mdnd/Hybrid_Generation_Clean_EXP/build/CMakeFiles/CMakeTmp'



